This file contains any messages produced by compilers while
running configure, to aid debugging if configure makes a mistake.

It was created by xapian-core configure 1.4.9, which was
generated by GNU Autoconf 2.69.  Invocation command line was

  $ ./configure --enable-backend-inmemory

## --------- ##
## Platform. ##
## --------- ##

hostname = sammar-Lenovo-ideapad-510S-14IKB
uname -m = x86_64
uname -r = 4.15.0-47-generic
uname -s = Linux
uname -v = #50-Ubuntu SMP Wed Mar 13 10:44:52 UTC 2019

/usr/bin/uname -p = unknown
/bin/uname -X     = unknown

/bin/arch              = unknown
/usr/bin/arch -k       = unknown
/usr/convex/getsysinfo = unknown
/usr/bin/hostinfo      = unknown
/bin/machine           = unknown
/usr/bin/oslevel       = unknown
/bin/universe          = unknown

PATH: /usr/local/sbin
PATH: /usr/local/bin
PATH: /usr/sbin
PATH: /usr/bin
PATH: /sbin
PATH: /bin
PATH: /usr/games
PATH: /usr/local/games
PATH: /snap/bin


## ----------- ##
## Core tests. ##
## ----------- ##

configure:2943: checking for a BSD-compatible install
configure:3011: result: /usr/bin/install -c
configure:3022: checking whether build environment is sane
configure:3077: result: yes
configure:3228: checking for a thread-safe mkdir -p
configure:3267: result: /bin/mkdir -p
configure:3274: checking for gawk
configure:3304: result: no
configure:3274: checking for mawk
configure:3290: found /usr/bin/mawk
configure:3301: result: mawk
configure:3312: checking whether make sets $(MAKE)
configure:3334: result: yes
configure:3363: checking whether make supports nested variables
configure:3380: result: yes
configure:3469: checking whether UID '1000' is supported by ustar format
configure:3472: result: yes
configure:3479: checking whether GID '1000' is supported by ustar format
configure:3482: result: yes
configure:3490: checking how to create a ustar tar archive
configure:3501: tar --version
tar (GNU tar) 1.29
Copyright (C) 2015 Free Software Foundation, Inc.
License GPLv3+: GNU GPL version 3 or later <http://gnu.org/licenses/gpl.html>.
This is free software: you are free to change and redistribute it.
There is NO WARRANTY, to the extent permitted by law.

Written by John Gilmore and Jay Fenlason.
configure:3504: $? = 0
configure:3544: tardir=conftest.dir && eval tar --format=ustar -chf - "$tardir" >conftest.tar
configure:3547: $? = 0
configure:3551: tar -xf - <conftest.tar
configure:3554: $? = 0
configure:3556: cat conftest.dir/file
GrepMe
configure:3559: $? = 0
configure:3572: result: gnutar
configure:3641: checking for style of include used by make
configure:3669: result: GNU
configure:3740: checking for gcc
configure:3756: found /usr/bin/gcc
configure:3767: result: gcc
configure:3996: checking for C compiler version
configure:4005: gcc --version >&5
gcc (Ubuntu 7.3.0-27ubuntu1~18.04) 7.3.0
Copyright (C) 2017 Free Software Foundation, Inc.
This is free software; see the source for copying conditions.  There is NO
warranty; not even for MERCHANTABILITY or FITNESS FOR A PARTICULAR PURPOSE.

configure:4016: $? = 0
configure:4005: gcc -v >&5
Using built-in specs.
COLLECT_GCC=gcc
COLLECT_LTO_WRAPPER=/usr/lib/gcc/x86_64-linux-gnu/7/lto-wrapper
OFFLOAD_TARGET_NAMES=nvptx-none
OFFLOAD_TARGET_DEFAULT=1
Target: x86_64-linux-gnu
Configured with: ../src/configure -v --with-pkgversion='Ubuntu 7.3.0-27ubuntu1~18.04' --with-bugurl=file:///usr/share/doc/gcc-7/README.Bugs --enable-languages=c,ada,c++,go,brig,d,fortran,objc,obj-c++ --prefix=/usr --with-gcc-major-version-only --program-suffix=-7 --program-prefix=x86_64-linux-gnu- --enable-shared --enable-linker-build-id --libexecdir=/usr/lib --without-included-gettext --enable-threads=posix --libdir=/usr/lib --enable-nls --with-sysroot=/ --enable-clocale=gnu --enable-libstdcxx-debug --enable-libstdcxx-time=yes --with-default-libstdcxx-abi=new --enable-gnu-unique-object --disable-vtable-verify --enable-libmpx --enable-plugin --enable-default-pie --with-system-zlib --with-target-system-zlib --enable-objc-gc=auto --enable-multiarch --disable-werror --with-arch-32=i686 --with-abi=m64 --with-multilib-list=m32,m64,mx32 --enable-multilib --with-tune=generic --enable-offload-targets=nvptx-none --without-cuda-driver --enable-checking=release --build=x86_64-linux-gnu --host=x86_64-linux-gnu --target=x86_64-linux-gnu
Thread model: posix
gcc version 7.3.0 (Ubuntu 7.3.0-27ubuntu1~18.04) 
configure:4016: $? = 0
configure:4005: gcc -V >&5
gcc: error: unrecognized command line option '-V'
gcc: fatal error: no input files
compilation terminated.
configure:4016: $? = 1
configure:4005: gcc -qversion >&5
gcc: error: unrecognized command line option '-qversion'; did you mean '--version'?
gcc: fatal error: no input files
compilation terminated.
configure:4016: $? = 1
configure:4036: checking whether the C compiler works
configure:4058: gcc    conftest.c  >&5
configure:4062: $? = 0
configure:4110: result: yes
configure:4113: checking for C compiler default output file name
configure:4115: result: a.out
configure:4121: checking for suffix of executables
configure:4128: gcc -o conftest    conftest.c  >&5
configure:4132: $? = 0
configure:4154: result: 
configure:4176: checking whether we are cross compiling
configure:4184: gcc -o conftest    conftest.c  >&5
configure:4188: $? = 0
configure:4195: ./conftest
configure:4199: $? = 0
configure:4214: result: no
configure:4219: checking for suffix of object files
configure:4241: gcc -c   conftest.c >&5
configure:4245: $? = 0
configure:4266: result: o
configure:4270: checking whether we are using the GNU C compiler
configure:4289: gcc -c   conftest.c >&5
configure:4289: $? = 0
configure:4298: result: yes
configure:4307: checking whether gcc accepts -g
configure:4327: gcc -c -g  conftest.c >&5
configure:4327: $? = 0
configure:4368: result: yes
configure:4385: checking for gcc option to accept ISO C89
configure:4448: gcc  -c -g -O2  conftest.c >&5
configure:4448: $? = 0
configure:4461: result: none needed
configure:4486: checking whether gcc understands -c and -o together
configure:4508: gcc -c conftest.c -o conftest2.o
configure:4511: $? = 0
configure:4508: gcc -c conftest.c -o conftest2.o
configure:4511: $? = 0
configure:4523: result: yes
configure:4542: checking dependency style of gcc
configure:4653: result: gcc3
configure:4718: checking for ar
configure:4734: found /usr/bin/ar
configure:4745: result: ar
configure:4771: checking the archiver (ar) interface
configure:4787: gcc -c -g -O2  conftest.c >&5
configure:4787: $? = 0
configure:4789: ar cru libconftest.a conftest.o >&5
ar: `u' modifier ignored since `D' is the default (see `U')
configure:4792: $? = 0
configure:4820: result: ar
configure:4871: checking build system type
configure:4885: result: x86_64-pc-linux-gnu
configure:4905: checking host system type
configure:4918: result: x86_64-pc-linux-gnu
configure:4959: checking how to print strings
configure:4986: result: printf
configure:5007: checking for a sed that does not truncate output
configure:5071: result: /bin/sed
configure:5089: checking for grep that handles long lines and -e
configure:5147: result: /bin/grep
configure:5152: checking for egrep
configure:5214: result: /bin/grep -E
configure:5219: checking for fgrep
configure:5281: result: /bin/grep -F
configure:5316: checking for ld used by gcc
configure:5383: result: /usr/bin/ld
configure:5390: checking if the linker (/usr/bin/ld) is GNU ld
configure:5405: result: yes
configure:5417: checking for BSD- or MS-compatible name lister (nm)
configure:5471: result: /usr/bin/nm -B
configure:5601: checking the name lister (/usr/bin/nm -B) interface
configure:5608: gcc -c -g -O2  conftest.c >&5
configure:5611: /usr/bin/nm -B "conftest.o"
configure:5614: output
0000000000000000 B some_variable
configure:5621: result: BSD nm
configure:5624: checking whether ln -s works
configure:5628: result: yes
configure:5636: checking the maximum length of command line arguments
configure:5767: result: 1572864
configure:5815: checking how to convert x86_64-pc-linux-gnu file names to x86_64-pc-linux-gnu format
configure:5855: result: func_convert_file_noop
configure:5862: checking how to convert x86_64-pc-linux-gnu file names to toolchain format
configure:5882: result: func_convert_file_noop
configure:5889: checking for /usr/bin/ld option to reload object files
configure:5896: result: -r
configure:5970: checking for objdump
configure:5986: found /usr/bin/objdump
configure:5997: result: objdump
configure:6026: checking how to recognize dependent libraries
configure:6226: result: pass_all
configure:6311: checking for dlltool
configure:6341: result: no
configure:6368: checking how to associate runtime and link libraries
configure:6395: result: printf %s\n
configure:6519: checking for archiver @FILE support
configure:6536: gcc -c -g -O2  conftest.c >&5
configure:6536: $? = 0
configure:6539: ar cru libconftest.a @conftest.lst >&5
ar: `u' modifier ignored since `D' is the default (see `U')
configure:6542: $? = 0
configure:6547: ar cru libconftest.a @conftest.lst >&5
ar: `u' modifier ignored since `D' is the default (see `U')
ar: conftest.o: No such file or directory
configure:6550: $? = 1
configure:6562: result: @
configure:6620: checking for strip
configure:6636: found /usr/bin/strip
configure:6647: result: strip
configure:6719: checking for ranlib
configure:6735: found /usr/bin/ranlib
configure:6746: result: ranlib
configure:6848: checking command to parse /usr/bin/nm -B output from gcc object
configure:7001: gcc -c -g -O2  conftest.c >&5
configure:7004: $? = 0
configure:7008: /usr/bin/nm -B conftest.o \| sed -n -e 's/^.*[ ]\([ABCDGIRSTW][ABCDGIRSTW]*\)[ ][ ]*\([_A-Za-z][_A-Za-z0-9]*\)$/\1 \2 \2/p' | sed '/ __gnu_lto/d' \> conftest.nm
configure:7011: $? = 0
configure:7077: gcc -o conftest -g -O2   conftest.c conftstm.o >&5
configure:7080: $? = 0
configure:7118: result: ok
configure:7165: checking for sysroot
configure:7195: result: no
configure:7202: checking for a working dd
configure:7240: result: /bin/dd
configure:7244: checking how to truncate binary pipes
configure:7259: result: /bin/dd bs=4096 count=1
configure:7395: gcc -c -g -O2  conftest.c >&5
configure:7398: $? = 0
configure:7588: checking for mt
configure:7604: found /bin/mt
configure:7615: result: mt
configure:7638: checking if mt is a manifest tool
configure:7644: mt '-?'
configure:7652: result: no
configure:8329: checking how to run the C preprocessor
configure:8360: gcc -E  conftest.c
configure:8360: $? = 0
configure:8374: gcc -E  conftest.c
conftest.c:11:10: fatal error: ac_nonexistent.h: No such file or directory
 #include <ac_nonexistent.h>
          ^~~~~~~~~~~~~~~~~~
compilation terminated.
configure:8374: $? = 1
configure: failed program was:
| /* confdefs.h */
| #define PACKAGE_NAME "xapian-core"
| #define PACKAGE_TARNAME "xapian-core"
| #define PACKAGE_VERSION "1.4.9"
| #define PACKAGE_STRING "xapian-core 1.4.9"
| #define PACKAGE_BUGREPORT "https://xapian.org/bugs"
| #define PACKAGE_URL ""
| #define PACKAGE "xapian-core"
| #define VERSION "1.4.9"
| /* end confdefs.h.  */
| #include <ac_nonexistent.h>
configure:8399: result: gcc -E
configure:8419: gcc -E  conftest.c
configure:8419: $? = 0
configure:8433: gcc -E  conftest.c
conftest.c:11:10: fatal error: ac_nonexistent.h: No such file or directory
 #include <ac_nonexistent.h>
          ^~~~~~~~~~~~~~~~~~
compilation terminated.
configure:8433: $? = 1
configure: failed program was:
| /* confdefs.h */
| #define PACKAGE_NAME "xapian-core"
| #define PACKAGE_TARNAME "xapian-core"
| #define PACKAGE_VERSION "1.4.9"
| #define PACKAGE_STRING "xapian-core 1.4.9"
| #define PACKAGE_BUGREPORT "https://xapian.org/bugs"
| #define PACKAGE_URL ""
| #define PACKAGE "xapian-core"
| #define VERSION "1.4.9"
| /* end confdefs.h.  */
| #include <ac_nonexistent.h>
configure:8462: checking for ANSI C header files
configure:8482: gcc -c -g -O2  conftest.c >&5
configure:8482: $? = 0
configure:8555: gcc -o conftest -g -O2   conftest.c  >&5
configure:8555: $? = 0
configure:8555: ./conftest
configure:8555: $? = 0
configure:8566: result: yes
configure:8579: checking for sys/types.h
configure:8579: gcc -c -g -O2  conftest.c >&5
configure:8579: $? = 0
configure:8579: result: yes
configure:8579: checking for sys/stat.h
configure:8579: gcc -c -g -O2  conftest.c >&5
configure:8579: $? = 0
configure:8579: result: yes
configure:8579: checking for stdlib.h
configure:8579: gcc -c -g -O2  conftest.c >&5
configure:8579: $? = 0
configure:8579: result: yes
configure:8579: checking for string.h
configure:8579: gcc -c -g -O2  conftest.c >&5
configure:8579: $? = 0
configure:8579: result: yes
configure:8579: checking for memory.h
configure:8579: gcc -c -g -O2  conftest.c >&5
configure:8579: $? = 0
configure:8579: result: yes
configure:8579: checking for strings.h
configure:8579: gcc -c -g -O2  conftest.c >&5
configure:8579: $? = 0
configure:8579: result: yes
configure:8579: checking for inttypes.h
configure:8579: gcc -c -g -O2  conftest.c >&5
configure:8579: $? = 0
configure:8579: result: yes
configure:8579: checking for stdint.h
configure:8579: gcc -c -g -O2  conftest.c >&5
configure:8579: $? = 0
configure:8579: result: yes
configure:8579: checking for unistd.h
configure:8579: gcc -c -g -O2  conftest.c >&5
configure:8579: $? = 0
configure:8579: result: yes
configure:8593: checking for dlfcn.h
configure:8593: gcc -c -g -O2  conftest.c >&5
configure:8593: $? = 0
configure:8593: result: yes
configure:9146: checking for objdir
configure:9161: result: .libs
configure:9425: checking if gcc supports -fno-rtti -fno-exceptions
configure:9443: gcc -c -g -O2  -fno-rtti -fno-exceptions conftest.c >&5
cc1: warning: command line option '-fno-rtti' is valid for C++/ObjC++ but not for C
configure:9447: $? = 0
configure:9460: result: no
configure:9818: checking for gcc option to produce PIC
configure:9825: result: -fPIC -DPIC
configure:9833: checking if gcc PIC flag -fPIC -DPIC works
configure:9851: gcc -c -g -O2  -fPIC -DPIC -DPIC conftest.c >&5
configure:9855: $? = 0
configure:9868: result: yes
configure:9897: checking if gcc static flag -static works
configure:9925: result: yes
configure:9940: checking if gcc supports -c -o file.o
configure:9961: gcc -c -g -O2  -o out/conftest2.o conftest.c >&5
configure:9965: $? = 0
configure:9987: result: yes
configure:9995: checking if gcc supports -c -o file.o
configure:10042: result: yes
configure:10075: checking whether the gcc linker (/usr/bin/ld -m elf_x86_64) supports shared libraries
configure:11334: result: yes
configure:11371: checking whether -lc should be explicitly linked in
configure:11379: gcc -c -g -O2  conftest.c >&5
configure:11382: $? = 0
configure:11397: gcc -shared  -fPIC -DPIC conftest.o  -v -Wl,-soname -Wl,conftest -o conftest 2\>\&1 \| /bin/grep  -lc  \>/dev/null 2\>\&1
configure:11400: $? = 0
configure:11414: result: no
configure:11574: checking dynamic linker characteristics
configure:12155: gcc -o conftest -g -O2   -Wl,-rpath -Wl,/foo conftest.c  >&5
configure:12155: $? = 0
configure:12392: result: GNU/Linux ld.so
configure:12514: checking how to hardcode library paths into programs
configure:12539: result: immediate
configure:13087: checking whether stripping libraries is possible
configure:13092: result: yes
configure:13127: checking if libtool supports shared libraries
configure:13129: result: yes
configure:13132: checking whether to build shared libraries
configure:13157: result: yes
configure:13160: checking whether to build static libraries
configure:13164: result: no
configure:13229: checking whether to enable maintainer-specific portions of Makefiles
configure:13238: result: no
configure:13310: checking for g++
configure:13326: found /usr/bin/g++
configure:13337: result: g++
configure:13364: checking for C++ compiler version
configure:13373: g++ --version >&5
g++ (Ubuntu 7.3.0-27ubuntu1~18.04) 7.3.0
Copyright (C) 2017 Free Software Foundation, Inc.
This is free software; see the source for copying conditions.  There is NO
warranty; not even for MERCHANTABILITY or FITNESS FOR A PARTICULAR PURPOSE.

configure:13384: $? = 0
configure:13373: g++ -v >&5
Using built-in specs.
COLLECT_GCC=g++
COLLECT_LTO_WRAPPER=/usr/lib/gcc/x86_64-linux-gnu/7/lto-wrapper
OFFLOAD_TARGET_NAMES=nvptx-none
OFFLOAD_TARGET_DEFAULT=1
Target: x86_64-linux-gnu
Configured with: ../src/configure -v --with-pkgversion='Ubuntu 7.3.0-27ubuntu1~18.04' --with-bugurl=file:///usr/share/doc/gcc-7/README.Bugs --enable-languages=c,ada,c++,go,brig,d,fortran,objc,obj-c++ --prefix=/usr --with-gcc-major-version-only --program-suffix=-7 --program-prefix=x86_64-linux-gnu- --enable-shared --enable-linker-build-id --libexecdir=/usr/lib --without-included-gettext --enable-threads=posix --libdir=/usr/lib --enable-nls --with-sysroot=/ --enable-clocale=gnu --enable-libstdcxx-debug --enable-libstdcxx-time=yes --with-default-libstdcxx-abi=new --enable-gnu-unique-object --disable-vtable-verify --enable-libmpx --enable-plugin --enable-default-pie --with-system-zlib --with-target-system-zlib --enable-objc-gc=auto --enable-multiarch --disable-werror --with-arch-32=i686 --with-abi=m64 --with-multilib-list=m32,m64,mx32 --enable-multilib --with-tune=generic --enable-offload-targets=nvptx-none --without-cuda-driver --enable-checking=release --build=x86_64-linux-gnu --host=x86_64-linux-gnu --target=x86_64-linux-gnu
Thread model: posix
gcc version 7.3.0 (Ubuntu 7.3.0-27ubuntu1~18.04) 
configure:13384: $? = 0
configure:13373: g++ -V >&5
g++: error: unrecognized command line option '-V'
g++: fatal error: no input files
compilation terminated.
configure:13384: $? = 1
configure:13373: g++ -qversion >&5
g++: error: unrecognized command line option '-qversion'; did you mean '--version'?
g++: fatal error: no input files
compilation terminated.
configure:13384: $? = 1
configure:13388: checking whether we are using the GNU C++ compiler
configure:13407: g++ -c   conftest.cpp >&5
configure:13407: $? = 0
configure:13416: result: yes
configure:13425: checking whether g++ accepts -g
configure:13445: g++ -c -g  conftest.cpp >&5
configure:13445: $? = 0
configure:13486: result: yes
configure:13511: checking dependency style of g++
configure:13622: result: gcc3
configure:13655: checking how to run the C++ preprocessor
configure:13682: g++ -E  conftest.cpp
configure:13682: $? = 0
configure:13696: g++ -E  conftest.cpp
conftest.cpp:23:10: fatal error: ac_nonexistent.h: No such file or directory
 #include <ac_nonexistent.h>
          ^~~~~~~~~~~~~~~~~~
compilation terminated.
configure:13696: $? = 1
configure: failed program was:
| /* confdefs.h */
| #define PACKAGE_NAME "xapian-core"
| #define PACKAGE_TARNAME "xapian-core"
| #define PACKAGE_VERSION "1.4.9"
| #define PACKAGE_STRING "xapian-core 1.4.9"
| #define PACKAGE_BUGREPORT "https://xapian.org/bugs"
| #define PACKAGE_URL ""
| #define PACKAGE "xapian-core"
| #define VERSION "1.4.9"
| #define STDC_HEADERS 1
| #define HAVE_SYS_TYPES_H 1
| #define HAVE_SYS_STAT_H 1
| #define HAVE_STDLIB_H 1
| #define HAVE_STRING_H 1
| #define HAVE_MEMORY_H 1
| #define HAVE_STRINGS_H 1
| #define HAVE_INTTYPES_H 1
| #define HAVE_STDINT_H 1
| #define HAVE_UNISTD_H 1
| #define HAVE_DLFCN_H 1
| #define LT_OBJDIR ".libs/"
| /* end confdefs.h.  */
| #include <ac_nonexistent.h>
configure:13721: result: g++ -E
configure:13741: g++ -E  conftest.cpp
configure:13741: $? = 0
configure:13755: g++ -E  conftest.cpp
conftest.cpp:23:10: fatal error: ac_nonexistent.h: No such file or directory
 #include <ac_nonexistent.h>
          ^~~~~~~~~~~~~~~~~~
compilation terminated.
configure:13755: $? = 1
configure: failed program was:
| /* confdefs.h */
| #define PACKAGE_NAME "xapian-core"
| #define PACKAGE_TARNAME "xapian-core"
| #define PACKAGE_VERSION "1.4.9"
| #define PACKAGE_STRING "xapian-core 1.4.9"
| #define PACKAGE_BUGREPORT "https://xapian.org/bugs"
| #define PACKAGE_URL ""
| #define PACKAGE "xapian-core"
| #define VERSION "1.4.9"
| #define STDC_HEADERS 1
| #define HAVE_SYS_TYPES_H 1
| #define HAVE_SYS_STAT_H 1
| #define HAVE_STDLIB_H 1
| #define HAVE_STRING_H 1
| #define HAVE_MEMORY_H 1
| #define HAVE_STRINGS_H 1
| #define HAVE_INTTYPES_H 1
| #define HAVE_STDINT_H 1
| #define HAVE_UNISTD_H 1
| #define HAVE_DLFCN_H 1
| #define LT_OBJDIR ".libs/"
| /* end confdefs.h.  */
| #include <ac_nonexistent.h>
configure:13917: checking for ld used by g++
configure:13984: result: /usr/bin/ld -m elf_x86_64
configure:13991: checking if the linker (/usr/bin/ld -m elf_x86_64) is GNU ld
configure:14006: result: yes
configure:14061: checking whether the g++ linker (/usr/bin/ld -m elf_x86_64) supports shared libraries
configure:15134: result: yes
configure:15170: g++ -c -g -O2  conftest.cpp >&5
configure:15173: $? = 0
configure:15654: checking for g++ option to produce PIC
configure:15661: result: -fPIC -DPIC
configure:15669: checking if g++ PIC flag -fPIC -DPIC works
configure:15687: g++ -c -g -O2  -fPIC -DPIC -DPIC conftest.cpp >&5
configure:15691: $? = 0
configure:15704: result: yes
configure:15727: checking if g++ static flag -static works
configure:15755: result: yes
configure:15767: checking if g++ supports -c -o file.o
configure:15788: g++ -c -g -O2  -o out/conftest2.o conftest.cpp >&5
configure:15792: $? = 0
configure:15814: result: yes
configure:15819: checking if g++ supports -c -o file.o
configure:15866: result: yes
configure:15896: checking whether the g++ linker (/usr/bin/ld -m elf_x86_64) supports shared libraries
configure:15936: result: yes
configure:16077: checking dynamic linker characteristics
configure:16822: result: GNU/Linux ld.so
configure:16887: checking how to hardcode library paths into programs
configure:16912: result: immediate
/sbin/ldconfig.real: Can't stat /usr/local/lib/x86_64-linux-gnu: No such file or directory
/sbin/ldconfig.real: Path `/lib/x86_64-linux-gnu' given more than once
/sbin/ldconfig.real: Path `/usr/lib/x86_64-linux-gnu' given more than once
/sbin/ldconfig.real: /lib/x86_64-linux-gnu/ld-2.27.so is the dynamic linker, ignoring

configure:16984: checking whether g++ is a working C++ compiler
configure:17014: g++ -o conftest -g -O2   conftest.cpp  >&5
configure:17014: $? = 0
configure:17014: ./conftest
configure:17014: $? = 0
configure:17026: result: yes
configure:17061: checking whether g++ supports C++11 features by default
configure:17118: g++ -c -g -O2  conftest.cpp >&5
configure:17118: $? = 0
configure:17125: result: yes
configure:17366: checking for gcc
configure:17393: result: gcc
configure:17622: checking for C compiler version
configure:17631: gcc --version >&5
gcc (Ubuntu 7.3.0-27ubuntu1~18.04) 7.3.0
Copyright (C) 2017 Free Software Foundation, Inc.
This is free software; see the source for copying conditions.  There is NO
warranty; not even for MERCHANTABILITY or FITNESS FOR A PARTICULAR PURPOSE.

configure:17642: $? = 0
configure:17631: gcc -v >&5
Using built-in specs.
COLLECT_GCC=gcc
COLLECT_LTO_WRAPPER=/usr/lib/gcc/x86_64-linux-gnu/7/lto-wrapper
OFFLOAD_TARGET_NAMES=nvptx-none
OFFLOAD_TARGET_DEFAULT=1
Target: x86_64-linux-gnu
Configured with: ../src/configure -v --with-pkgversion='Ubuntu 7.3.0-27ubuntu1~18.04' --with-bugurl=file:///usr/share/doc/gcc-7/README.Bugs --enable-languages=c,ada,c++,go,brig,d,fortran,objc,obj-c++ --prefix=/usr --with-gcc-major-version-only --program-suffix=-7 --program-prefix=x86_64-linux-gnu- --enable-shared --enable-linker-build-id --libexecdir=/usr/lib --without-included-gettext --enable-threads=posix --libdir=/usr/lib --enable-nls --with-sysroot=/ --enable-clocale=gnu --enable-libstdcxx-debug --enable-libstdcxx-time=yes --with-default-libstdcxx-abi=new --enable-gnu-unique-object --disable-vtable-verify --enable-libmpx --enable-plugin --enable-default-pie --with-system-zlib --with-target-system-zlib --enable-objc-gc=auto --enable-multiarch --disable-werror --with-arch-32=i686 --with-abi=m64 --with-multilib-list=m32,m64,mx32 --enable-multilib --with-tune=generic --enable-offload-targets=nvptx-none --without-cuda-driver --enable-checking=release --build=x86_64-linux-gnu --host=x86_64-linux-gnu --target=x86_64-linux-gnu
Thread model: posix
gcc version 7.3.0 (Ubuntu 7.3.0-27ubuntu1~18.04) 
configure:17642: $? = 0
configure:17631: gcc -V >&5
gcc: error: unrecognized command line option '-V'
gcc: fatal error: no input files
compilation terminated.
configure:17642: $? = 1
configure:17631: gcc -qversion >&5
gcc: error: unrecognized command line option '-qversion'; did you mean '--version'?
gcc: fatal error: no input files
compilation terminated.
configure:17642: $? = 1
configure:17646: checking whether we are using the GNU C compiler
configure:17674: result: yes
configure:17683: checking whether gcc accepts -g
configure:17744: result: yes
configure:17761: checking for gcc option to accept ISO C89
configure:17837: result: none needed
configure:17862: checking whether gcc understands -c and -o together
configure:17899: result: yes
configure:17918: checking dependency style of gcc
configure:18029: result: gcc3
configure:18045: checking whether byte ordering is bigendian
configure:18060: g++ -c -g -O2  conftest.cpp >&5
conftest.cpp:24:9: error: expected unqualified-id before 'not' token
         not a universal capable compiler
         ^~~
configure:18060: $? = 1
configure: failed program was:
| /* confdefs.h */
| #define PACKAGE_NAME "xapian-core"
| #define PACKAGE_TARNAME "xapian-core"
| #define PACKAGE_VERSION "1.4.9"
| #define PACKAGE_STRING "xapian-core 1.4.9"
| #define PACKAGE_BUGREPORT "https://xapian.org/bugs"
| #define PACKAGE_URL ""
| #define PACKAGE "xapian-core"
| #define VERSION "1.4.9"
| #define STDC_HEADERS 1
| #define HAVE_SYS_TYPES_H 1
| #define HAVE_SYS_STAT_H 1
| #define HAVE_STDLIB_H 1
| #define HAVE_STRING_H 1
| #define HAVE_MEMORY_H 1
| #define HAVE_STRINGS_H 1
| #define HAVE_INTTYPES_H 1
| #define HAVE_STDINT_H 1
| #define HAVE_UNISTD_H 1
| #define HAVE_DLFCN_H 1
| #define LT_OBJDIR ".libs/"
| /* end confdefs.h.  */
| #ifndef __APPLE_CC__
| 	       not a universal capable compiler
| 	     #endif
| 	     typedef int dummy;
| 
configure:18105: g++ -c -g -O2  conftest.cpp >&5
configure:18105: $? = 0
configure:18123: g++ -c -g -O2  conftest.cpp >&5
conftest.cpp: In function 'int main()':
conftest.cpp:30:8: error: 'big' was not declared in this scope
    not big endian
        ^~~
configure:18123: $? = 1
configure: failed program was:
| /* confdefs.h */
| #define PACKAGE_NAME "xapian-core"
| #define PACKAGE_TARNAME "xapian-core"
| #define PACKAGE_VERSION "1.4.9"
| #define PACKAGE_STRING "xapian-core 1.4.9"
| #define PACKAGE_BUGREPORT "https://xapian.org/bugs"
| #define PACKAGE_URL ""
| #define PACKAGE "xapian-core"
| #define VERSION "1.4.9"
| #define STDC_HEADERS 1
| #define HAVE_SYS_TYPES_H 1
| #define HAVE_SYS_STAT_H 1
| #define HAVE_STDLIB_H 1
| #define HAVE_STRING_H 1
| #define HAVE_MEMORY_H 1
| #define HAVE_STRINGS_H 1
| #define HAVE_INTTYPES_H 1
| #define HAVE_STDINT_H 1
| #define HAVE_UNISTD_H 1
| #define HAVE_DLFCN_H 1
| #define LT_OBJDIR ".libs/"
| /* end confdefs.h.  */
| #include <sys/types.h>
| 		#include <sys/param.h>
| 
| int
| main ()
| {
| #if BYTE_ORDER != BIG_ENDIAN
| 		 not big endian
| 		#endif
| 
|   ;
|   return 0;
| }
configure:18251: result: no
configure:18293: checking for special C compiler options needed for large files
configure:18338: result: no
configure:18344: checking for _FILE_OFFSET_BITS value needed for large files
configure:18369: g++ -c -g -O2  conftest.cpp >&5
configure:18369: $? = 0
configure:18401: result: no
configure:18501: g++ -E  conftest.cpp
configure:18501: $? = 0
configure:18523: g++ -c -g -O2  conftest.cpp >&5
configure:18523: $? = 0
configure:18600: checking if -lm is required for maths functions
configure:18622: g++ -o conftest -g -O2   conftest.cpp  >&5
configure:18622: $? = 0
configure:18623: result: no
configure:18659: checking whether log2 is declared
configure:18659: g++ -c -g -O2  conftest.cpp >&5
configure:18659: $? = 0
configure:18659: result: yes
configure:18674: checking whether exp10 is declared
configure:18674: g++ -c -g -O2  conftest.cpp >&5
configure:18674: $? = 0
configure:18674: result: yes
configure:18689: checking whether __exp10 is declared
configure:18689: g++ -c -g -O2  conftest.cpp >&5
configure:18689: $? = 0
configure:18689: result: yes
configure:18703: checking for __builtin_exp10
configure:18723: g++ -o conftest -g -O2   conftest.cpp  >&5
configure:18723: $? = 0
configure:18732: result: yes
configure:18740: checking if RTTI is supported
configure:18757: g++ -c -g -O2 -qhaltonmsg=1540-2412  conftest.cpp >&5
g++: error: unrecognized command line option '-qhaltonmsg=1540-2412'
configure:18757: $? = 1
configure: failed program was:
| /* confdefs.h */
| #define PACKAGE_NAME "xapian-core"
| #define PACKAGE_TARNAME "xapian-core"
| #define PACKAGE_VERSION "1.4.9"
| #define PACKAGE_STRING "xapian-core 1.4.9"
| #define PACKAGE_BUGREPORT "https://xapian.org/bugs"
| #define PACKAGE_URL ""
| #define PACKAGE "xapian-core"
| #define VERSION "1.4.9"
| #define STDC_HEADERS 1
| #define HAVE_SYS_TYPES_H 1
| #define HAVE_SYS_STAT_H 1
| #define HAVE_STDLIB_H 1
| #define HAVE_STRING_H 1
| #define HAVE_MEMORY_H 1
| #define HAVE_STRINGS_H 1
| #define HAVE_INTTYPES_H 1
| #define HAVE_STDINT_H 1
| #define HAVE_UNISTD_H 1
| #define HAVE_DLFCN_H 1
| #define LT_OBJDIR ".libs/"
| #define HAVE_DECL_LOG2 1
| #define HAVE_DECL_EXP10 1
| #define HAVE_DECL___EXP10 1
| #define HAVE___BUILTIN_EXP10 1
| /* end confdefs.h.  */
| 
| int
| main ()
| {
| 
|   ;
|   return 0;
| }
configure:18786: g++ -c -g -O2  conftest.cpp >&5
configure:18786: $? = 0
configure:18787: result: yes
configure:18800: checking whether __builtin_add_overflow is declared
configure:18800: g++ -c -g -O2  conftest.cpp >&5
conftest.cpp: In function 'int main()':
conftest.cpp:35:61: warning: null argument where non-null required (argument 3) [-Wnonnull]
   (void) __builtin_add_overflow((int) 0, ( int) 0, ( int*) 0);
                                                             ^
configure:18800: $? = 0
configure:18800: result: yes
configure:18812: checking whether __builtin_mul_overflow is declared
configure:18812: g++ -c -g -O2  conftest.cpp >&5
conftest.cpp: In function 'int main()':
conftest.cpp:36:61: warning: null argument where non-null required (argument 3) [-Wnonnull]
   (void) __builtin_mul_overflow((int) 0, ( int) 0, ( int*) 0);
                                                             ^
configure:18812: $? = 0
configure:18812: result: yes
configure:18825: checking whether __builtin_bswap16 is declared
configure:18825: g++ -c -g -O2  conftest.cpp >&5
configure:18825: $? = 0
configure:18825: result: yes
configure:18837: checking whether __builtin_bswap32 is declared
configure:18837: g++ -c -g -O2  conftest.cpp >&5
configure:18837: $? = 0
configure:18837: result: yes
configure:18849: checking whether _byteswap_ushort is declared
configure:18849: g++ -c -g -O2  conftest.cpp >&5
conftest.cpp: In function 'int main()':
conftest.cpp:39:10: error: '_byteswap_ushort' was not declared in this scope
   (void) _byteswap_ushort;
          ^~~~~~~~~~~~~~~~
configure:18849: $? = 1
configure: failed program was:
| /* confdefs.h */
| #define PACKAGE_NAME "xapian-core"
| #define PACKAGE_TARNAME "xapian-core"
| #define PACKAGE_VERSION "1.4.9"
| #define PACKAGE_STRING "xapian-core 1.4.9"
| #define PACKAGE_BUGREPORT "https://xapian.org/bugs"
| #define PACKAGE_URL ""
| #define PACKAGE "xapian-core"
| #define VERSION "1.4.9"
| #define STDC_HEADERS 1
| #define HAVE_SYS_TYPES_H 1
| #define HAVE_SYS_STAT_H 1
| #define HAVE_STDLIB_H 1
| #define HAVE_STRING_H 1
| #define HAVE_MEMORY_H 1
| #define HAVE_STRINGS_H 1
| #define HAVE_INTTYPES_H 1
| #define HAVE_STDINT_H 1
| #define HAVE_UNISTD_H 1
| #define HAVE_DLFCN_H 1
| #define LT_OBJDIR ".libs/"
| #define HAVE_DECL_LOG2 1
| #define HAVE_DECL_EXP10 1
| #define HAVE_DECL___EXP10 1
| #define HAVE___BUILTIN_EXP10 1
| #define USE_RTTI 1
| #define HAVE_DECL___BUILTIN_ADD_OVERFLOW 1
| #define HAVE_DECL___BUILTIN_MUL_OVERFLOW 1
| #define HAVE_DECL___BUILTIN_BSWAP16 1
| #define HAVE_DECL___BUILTIN_BSWAP32 1
| /* end confdefs.h.  */
| #include <stdlib.h>
| 
| int
| main ()
| {
| #ifndef _byteswap_ushort
| #ifdef __cplusplus
|   (void) _byteswap_ushort;
| #else
|   (void) _byteswap_ushort;
| #endif
| #endif
| 
|   ;
|   return 0;
| }
configure:18849: result: no
configure:18860: checking whether _byteswap_ulong is declared
configure:18860: g++ -c -g -O2  conftest.cpp >&5
conftest.cpp: In function 'int main()':
conftest.cpp:40:10: error: '_byteswap_ulong' was not declared in this scope
   (void) _byteswap_ulong;
          ^~~~~~~~~~~~~~~
configure:18860: $? = 1
configure: failed program was:
| /* confdefs.h */
| #define PACKAGE_NAME "xapian-core"
| #define PACKAGE_TARNAME "xapian-core"
| #define PACKAGE_VERSION "1.4.9"
| #define PACKAGE_STRING "xapian-core 1.4.9"
| #define PACKAGE_BUGREPORT "https://xapian.org/bugs"
| #define PACKAGE_URL ""
| #define PACKAGE "xapian-core"
| #define VERSION "1.4.9"
| #define STDC_HEADERS 1
| #define HAVE_SYS_TYPES_H 1
| #define HAVE_SYS_STAT_H 1
| #define HAVE_STDLIB_H 1
| #define HAVE_STRING_H 1
| #define HAVE_MEMORY_H 1
| #define HAVE_STRINGS_H 1
| #define HAVE_INTTYPES_H 1
| #define HAVE_STDINT_H 1
| #define HAVE_UNISTD_H 1
| #define HAVE_DLFCN_H 1
| #define LT_OBJDIR ".libs/"
| #define HAVE_DECL_LOG2 1
| #define HAVE_DECL_EXP10 1
| #define HAVE_DECL___EXP10 1
| #define HAVE___BUILTIN_EXP10 1
| #define USE_RTTI 1
| #define HAVE_DECL___BUILTIN_ADD_OVERFLOW 1
| #define HAVE_DECL___BUILTIN_MUL_OVERFLOW 1
| #define HAVE_DECL___BUILTIN_BSWAP16 1
| #define HAVE_DECL___BUILTIN_BSWAP32 1
| #define HAVE_DECL__BYTESWAP_USHORT 0
| /* end confdefs.h.  */
| #include <stdlib.h>
| 
| int
| main ()
| {
| #ifndef _byteswap_ulong
| #ifdef __cplusplus
|   (void) _byteswap_ulong;
| #else
|   (void) _byteswap_ulong;
| #endif
| #endif
| 
|   ;
|   return 0;
| }
configure:18860: result: no
configure:18873: checking whether __builtin_clz is declared
configure:18873: g++ -c -g -O2  conftest.cpp >&5
configure:18873: $? = 0
configure:18873: result: yes
configure:18885: checking whether __builtin_clzl is declared
configure:18885: g++ -c -g -O2  conftest.cpp >&5
configure:18885: $? = 0
configure:18885: result: yes
configure:18897: checking whether __builtin_clzll is declared
configure:18897: g++ -c -g -O2  conftest.cpp >&5
configure:18897: $? = 0
configure:18897: result: yes
configure:18910: checking whether __builtin_ctz is declared
configure:18910: g++ -c -g -O2  conftest.cpp >&5
configure:18910: $? = 0
configure:18910: result: yes
configure:18922: checking whether __builtin_ctzl is declared
configure:18922: g++ -c -g -O2  conftest.cpp >&5
configure:18922: $? = 0
configure:18922: result: yes
configure:18934: checking whether __builtin_ctzll is declared
configure:18934: g++ -c -g -O2  conftest.cpp >&5
configure:18934: $? = 0
configure:18934: result: yes
configure:18947: checking whether __builtin_expect is declared
configure:18947: g++ -c -g -O2  conftest.cpp >&5
configure:18947: $? = 0
configure:18947: result: yes
configure:18960: checking whether __builtin_popcount is declared
configure:18960: g++ -c -g -O2  conftest.cpp >&5
configure:18960: $? = 0
configure:18960: result: yes
configure:18972: checking whether __builtin_popcountl is declared
configure:18972: g++ -c -g -O2  conftest.cpp >&5
configure:18972: $? = 0
configure:18972: result: yes
configure:18984: checking whether __builtin_popcountll is declared
configure:18984: g++ -c -g -O2  conftest.cpp >&5
configure:18984: $? = 0
configure:18984: result: yes
configure:18996: checking whether __popcnt is declared
configure:18996: g++ -c -g -O2  conftest.cpp >&5
conftest.cpp:44:10: fatal error: intrin.h: No such file or directory
 #include <intrin.h>
          ^~~~~~~~~~
compilation terminated.
configure:18996: $? = 1
configure: failed program was:
| /* confdefs.h */
| #define PACKAGE_NAME "xapian-core"
| #define PACKAGE_TARNAME "xapian-core"
| #define PACKAGE_VERSION "1.4.9"
| #define PACKAGE_STRING "xapian-core 1.4.9"
| #define PACKAGE_BUGREPORT "https://xapian.org/bugs"
| #define PACKAGE_URL ""
| #define PACKAGE "xapian-core"
| #define VERSION "1.4.9"
| #define STDC_HEADERS 1
| #define HAVE_SYS_TYPES_H 1
| #define HAVE_SYS_STAT_H 1
| #define HAVE_STDLIB_H 1
| #define HAVE_STRING_H 1
| #define HAVE_MEMORY_H 1
| #define HAVE_STRINGS_H 1
| #define HAVE_INTTYPES_H 1
| #define HAVE_STDINT_H 1
| #define HAVE_UNISTD_H 1
| #define HAVE_DLFCN_H 1
| #define LT_OBJDIR ".libs/"
| #define HAVE_DECL_LOG2 1
| #define HAVE_DECL_EXP10 1
| #define HAVE_DECL___EXP10 1
| #define HAVE___BUILTIN_EXP10 1
| #define USE_RTTI 1
| #define HAVE_DECL___BUILTIN_ADD_OVERFLOW 1
| #define HAVE_DECL___BUILTIN_MUL_OVERFLOW 1
| #define HAVE_DECL___BUILTIN_BSWAP16 1
| #define HAVE_DECL___BUILTIN_BSWAP32 1
| #define HAVE_DECL__BYTESWAP_USHORT 0
| #define HAVE_DECL__BYTESWAP_ULONG 0
| #define HAVE_DECL___BUILTIN_CLZ 1
| #define HAVE_DECL___BUILTIN_CLZL 1
| #define HAVE_DECL___BUILTIN_CLZLL 1
| #define HAVE_DECL___BUILTIN_CTZ 1
| #define HAVE_DECL___BUILTIN_CTZL 1
| #define HAVE_DECL___BUILTIN_CTZLL 1
| #define HAVE_DECL___BUILTIN_EXPECT 1
| #define HAVE_DECL___BUILTIN_POPCOUNT 1
| #define HAVE_DECL___BUILTIN_POPCOUNTL 1
| #define HAVE_DECL___BUILTIN_POPCOUNTLL 1
| /* end confdefs.h.  */
| #include <intrin.h>
| 
| int
| main ()
| {
| #ifndef __popcnt
| #ifdef __cplusplus
|   (void) __popcnt;
| #else
|   (void) __popcnt;
| #endif
| #endif
| 
|   ;
|   return 0;
| }
configure:18996: result: no
configure:19007: checking whether __popcnt64 is declared
configure:19007: g++ -c -g -O2  conftest.cpp >&5
conftest.cpp:45:10: fatal error: intrin.h: No such file or directory
 #include <intrin.h>
          ^~~~~~~~~~
compilation terminated.
configure:19007: $? = 1
configure: failed program was:
| /* confdefs.h */
| #define PACKAGE_NAME "xapian-core"
| #define PACKAGE_TARNAME "xapian-core"
| #define PACKAGE_VERSION "1.4.9"
| #define PACKAGE_STRING "xapian-core 1.4.9"
| #define PACKAGE_BUGREPORT "https://xapian.org/bugs"
| #define PACKAGE_URL ""
| #define PACKAGE "xapian-core"
| #define VERSION "1.4.9"
| #define STDC_HEADERS 1
| #define HAVE_SYS_TYPES_H 1
| #define HAVE_SYS_STAT_H 1
| #define HAVE_STDLIB_H 1
| #define HAVE_STRING_H 1
| #define HAVE_MEMORY_H 1
| #define HAVE_STRINGS_H 1
| #define HAVE_INTTYPES_H 1
| #define HAVE_STDINT_H 1
| #define HAVE_UNISTD_H 1
| #define HAVE_DLFCN_H 1
| #define LT_OBJDIR ".libs/"
| #define HAVE_DECL_LOG2 1
| #define HAVE_DECL_EXP10 1
| #define HAVE_DECL___EXP10 1
| #define HAVE___BUILTIN_EXP10 1
| #define USE_RTTI 1
| #define HAVE_DECL___BUILTIN_ADD_OVERFLOW 1
| #define HAVE_DECL___BUILTIN_MUL_OVERFLOW 1
| #define HAVE_DECL___BUILTIN_BSWAP16 1
| #define HAVE_DECL___BUILTIN_BSWAP32 1
| #define HAVE_DECL__BYTESWAP_USHORT 0
| #define HAVE_DECL__BYTESWAP_ULONG 0
| #define HAVE_DECL___BUILTIN_CLZ 1
| #define HAVE_DECL___BUILTIN_CLZL 1
| #define HAVE_DECL___BUILTIN_CLZLL 1
| #define HAVE_DECL___BUILTIN_CTZ 1
| #define HAVE_DECL___BUILTIN_CTZL 1
| #define HAVE_DECL___BUILTIN_CTZLL 1
| #define HAVE_DECL___BUILTIN_EXPECT 1
| #define HAVE_DECL___BUILTIN_POPCOUNT 1
| #define HAVE_DECL___BUILTIN_POPCOUNTL 1
| #define HAVE_DECL___BUILTIN_POPCOUNTLL 1
| #define HAVE_DECL___POPCNT 0
| /* end confdefs.h.  */
| #include <intrin.h>
| 
| int
| main ()
| {
| #ifndef __popcnt64
| #ifdef __cplusplus
|   (void) __popcnt64;
| #else
|   (void) __popcnt64;
| #endif
| #endif
| 
|   ;
|   return 0;
| }
configure:19007: result: no
configure:19023: checking for clock_gettime
configure:19023: g++ -o conftest -g -O2   conftest.cpp  >&5
configure:19023: $? = 0
configure:19023: result: yes
configure:19023: checking for sleep
configure:19023: g++ -o conftest -g -O2   conftest.cpp  >&5
configure:19023: $? = 0
configure:19023: result: yes
configure:19023: checking for nanosleep
configure:19023: g++ -o conftest -g -O2   conftest.cpp  >&5
configure:19023: $? = 0
configure:19023: result: yes
configure:19023: checking for gettimeofday
configure:19023: g++ -o conftest -g -O2   conftest.cpp  >&5
configure:19023: $? = 0
configure:19023: result: yes
configure:19023: checking for ftime
configure:19023: g++ -o conftest -g -O2   conftest.cpp  >&5
configure:19023: $? = 0
configure:19023: result: yes
configure:19045: checking for library containing timer_create
configure:19076: g++ -o conftest -g -O2   conftest.cpp  >&5
/tmp/ccB6uvh8.o: In function `main':
/home/sammar/xapian/stringviewXapian/conftest.cpp:62: undefined reference to `timer_create'
collect2: error: ld returned 1 exit status
configure:19076: $? = 1
configure: failed program was:
| /* confdefs.h */
| #define PACKAGE_NAME "xapian-core"
| #define PACKAGE_TARNAME "xapian-core"
| #define PACKAGE_VERSION "1.4.9"
| #define PACKAGE_STRING "xapian-core 1.4.9"
| #define PACKAGE_BUGREPORT "https://xapian.org/bugs"
| #define PACKAGE_URL ""
| #define PACKAGE "xapian-core"
| #define VERSION "1.4.9"
| #define STDC_HEADERS 1
| #define HAVE_SYS_TYPES_H 1
| #define HAVE_SYS_STAT_H 1
| #define HAVE_STDLIB_H 1
| #define HAVE_STRING_H 1
| #define HAVE_MEMORY_H 1
| #define HAVE_STRINGS_H 1
| #define HAVE_INTTYPES_H 1
| #define HAVE_STDINT_H 1
| #define HAVE_UNISTD_H 1
| #define HAVE_DLFCN_H 1
| #define LT_OBJDIR ".libs/"
| #define HAVE_DECL_LOG2 1
| #define HAVE_DECL_EXP10 1
| #define HAVE_DECL___EXP10 1
| #define HAVE___BUILTIN_EXP10 1
| #define USE_RTTI 1
| #define HAVE_DECL___BUILTIN_ADD_OVERFLOW 1
| #define HAVE_DECL___BUILTIN_MUL_OVERFLOW 1
| #define HAVE_DECL___BUILTIN_BSWAP16 1
| #define HAVE_DECL___BUILTIN_BSWAP32 1
| #define HAVE_DECL__BYTESWAP_USHORT 0
| #define HAVE_DECL__BYTESWAP_ULONG 0
| #define HAVE_DECL___BUILTIN_CLZ 1
| #define HAVE_DECL___BUILTIN_CLZL 1
| #define HAVE_DECL___BUILTIN_CLZLL 1
| #define HAVE_DECL___BUILTIN_CTZ 1
| #define HAVE_DECL___BUILTIN_CTZL 1
| #define HAVE_DECL___BUILTIN_CTZLL 1
| #define HAVE_DECL___BUILTIN_EXPECT 1
| #define HAVE_DECL___BUILTIN_POPCOUNT 1
| #define HAVE_DECL___BUILTIN_POPCOUNTL 1
| #define HAVE_DECL___BUILTIN_POPCOUNTLL 1
| #define HAVE_DECL___POPCNT 0
| #define HAVE_DECL___POPCNT64 0
| #define HAVE_CLOCK_GETTIME 1
| #define HAVE_SLEEP 1
| #define HAVE_NANOSLEEP 1
| #define HAVE_GETTIMEOFDAY 1
| #define HAVE_FTIME 1
| /* end confdefs.h.  */
| 
| /* Override any GCC internal prototype to avoid an error.
|    Use char because int might match the return type of a GCC
|    builtin and then its argument prototype would still apply.  */
| #ifdef __cplusplus
| extern "C"
| #endif
| char timer_create ();
| int
| main ()
| {
| return timer_create ();
|   ;
|   return 0;
| }
configure:19076: g++ -o conftest -g -O2   conftest.cpp -lrt   >&5
configure:19076: $? = 0
configure:19093: result: -lrt
configure:19099: checking for timer_create() usability
configure:19120: g++ -c -g -O2  conftest.cpp >&5
configure:19120: $? = 0
configure:19121: result: yes
configure:19142: checking for srandom
configure:19142: g++ -o conftest -g -O2   conftest.cpp  >&5
configure:19142: $? = 0
configure:19142: result: yes
configure:19142: checking for random
configure:19142: g++ -o conftest -g -O2   conftest.cpp  >&5
configure:19142: $? = 0
configure:19142: result: yes
configure:19154: checking for sigaction
configure:19154: g++ -o conftest -g -O2   conftest.cpp  >&5
configure:19154: $? = 0
configure:19154: result: yes
configure:19163: checking for sigsetjmp and siglongjmp
configure:19176: g++ -c -g -O2  conftest.cpp >&5
configure:19176: $? = 0
configure:19180: result: yes
configure:19191: checking for getrusage
configure:19191: g++ -o conftest -g -O2   conftest.cpp  >&5
configure:19191: $? = 0
configure:19191: result: yes
configure:19191: checking for times
configure:19191: g++ -o conftest -g -O2   conftest.cpp  >&5
configure:19191: $? = 0
configure:19191: result: yes
configure:19191: checking for sysconf
configure:19191: g++ -o conftest -g -O2   conftest.cpp  >&5
configure:19191: $? = 0
configure:19191: result: yes
configure:19203: checking for nftw
configure:19203: g++ -o conftest -g -O2   conftest.cpp  >&5
configure:19203: $? = 0
configure:19203: result: yes
configure:19215: checking for setenv
configure:19215: g++ -o conftest -g -O2   conftest.cpp  >&5
configure:19215: $? = 0
configure:19215: result: yes
configure:19225: checking whether _putenv_s is declared
configure:19225: g++ -c -g -O2  conftest.cpp >&5
conftest.cpp: In function 'int main()':
conftest.cpp:68:10: error: '_putenv_s' was not declared in this scope
   (void) _putenv_s((const char *) 0, (const char *) 0);
          ^~~~~~~~~
conftest.cpp:68:10: note: suggested alternative: 'putenv'
   (void) _putenv_s((const char *) 0, (const char *) 0);
          ^~~~~~~~~
          putenv
configure:19225: $? = 1
configure: failed program was:
| /* confdefs.h */
| #define PACKAGE_NAME "xapian-core"
| #define PACKAGE_TARNAME "xapian-core"
| #define PACKAGE_VERSION "1.4.9"
| #define PACKAGE_STRING "xapian-core 1.4.9"
| #define PACKAGE_BUGREPORT "https://xapian.org/bugs"
| #define PACKAGE_URL ""
| #define PACKAGE "xapian-core"
| #define VERSION "1.4.9"
| #define STDC_HEADERS 1
| #define HAVE_SYS_TYPES_H 1
| #define HAVE_SYS_STAT_H 1
| #define HAVE_STDLIB_H 1
| #define HAVE_STRING_H 1
| #define HAVE_MEMORY_H 1
| #define HAVE_STRINGS_H 1
| #define HAVE_INTTYPES_H 1
| #define HAVE_STDINT_H 1
| #define HAVE_UNISTD_H 1
| #define HAVE_DLFCN_H 1
| #define LT_OBJDIR ".libs/"
| #define HAVE_DECL_LOG2 1
| #define HAVE_DECL_EXP10 1
| #define HAVE_DECL___EXP10 1
| #define HAVE___BUILTIN_EXP10 1
| #define USE_RTTI 1
| #define HAVE_DECL___BUILTIN_ADD_OVERFLOW 1
| #define HAVE_DECL___BUILTIN_MUL_OVERFLOW 1
| #define HAVE_DECL___BUILTIN_BSWAP16 1
| #define HAVE_DECL___BUILTIN_BSWAP32 1
| #define HAVE_DECL__BYTESWAP_USHORT 0
| #define HAVE_DECL__BYTESWAP_ULONG 0
| #define HAVE_DECL___BUILTIN_CLZ 1
| #define HAVE_DECL___BUILTIN_CLZL 1
| #define HAVE_DECL___BUILTIN_CLZLL 1
| #define HAVE_DECL___BUILTIN_CTZ 1
| #define HAVE_DECL___BUILTIN_CTZL 1
| #define HAVE_DECL___BUILTIN_CTZLL 1
| #define HAVE_DECL___BUILTIN_EXPECT 1
| #define HAVE_DECL___BUILTIN_POPCOUNT 1
| #define HAVE_DECL___BUILTIN_POPCOUNTL 1
| #define HAVE_DECL___BUILTIN_POPCOUNTLL 1
| #define HAVE_DECL___POPCNT 0
| #define HAVE_DECL___POPCNT64 0
| #define HAVE_CLOCK_GETTIME 1
| #define HAVE_SLEEP 1
| #define HAVE_NANOSLEEP 1
| #define HAVE_GETTIMEOFDAY 1
| #define HAVE_FTIME 1
| #define HAVE_TIMER_CREATE 1
| #define HAVE_SRANDOM 1
| #define HAVE_RANDOM 1
| #define HAVE_SIGACTION 1
| #define HAVE_SIGSETJMP 1
| #define HAVE_GETRUSAGE 1
| #define HAVE_TIMES 1
| #define HAVE_SYSCONF 1
| #define HAVE_NFTW 1
| #define HAVE_SETENV 1
| /* end confdefs.h.  */
| #include <stdlib.h>
| 
| int
| main ()
| {
| #ifndef _putenv_s
| #ifdef __cplusplus
|   (void) _putenv_s((const char *) 0, (const char *) 0);
| #else
|   (void) _putenv_s;
| #endif
| #endif
| 
|   ;
|   return 0;
| }
configure:19225: result: no
configure:19241: checking for closefrom
configure:19241: g++ -o conftest -g -O2   conftest.cpp  >&5
/tmp/ccFWJIyD.o: In function `main':
/home/sammar/xapian/stringviewXapian/conftest.cpp:96: undefined reference to `closefrom'
collect2: error: ld returned 1 exit status
configure:19241: $? = 1
configure: failed program was:
| /* confdefs.h */
| #define PACKAGE_NAME "xapian-core"
| #define PACKAGE_TARNAME "xapian-core"
| #define PACKAGE_VERSION "1.4.9"
| #define PACKAGE_STRING "xapian-core 1.4.9"
| #define PACKAGE_BUGREPORT "https://xapian.org/bugs"
| #define PACKAGE_URL ""
| #define PACKAGE "xapian-core"
| #define VERSION "1.4.9"
| #define STDC_HEADERS 1
| #define HAVE_SYS_TYPES_H 1
| #define HAVE_SYS_STAT_H 1
| #define HAVE_STDLIB_H 1
| #define HAVE_STRING_H 1
| #define HAVE_MEMORY_H 1
| #define HAVE_STRINGS_H 1
| #define HAVE_INTTYPES_H 1
| #define HAVE_STDINT_H 1
| #define HAVE_UNISTD_H 1
| #define HAVE_DLFCN_H 1
| #define LT_OBJDIR ".libs/"
| #define HAVE_DECL_LOG2 1
| #define HAVE_DECL_EXP10 1
| #define HAVE_DECL___EXP10 1
| #define HAVE___BUILTIN_EXP10 1
| #define USE_RTTI 1
| #define HAVE_DECL___BUILTIN_ADD_OVERFLOW 1
| #define HAVE_DECL___BUILTIN_MUL_OVERFLOW 1
| #define HAVE_DECL___BUILTIN_BSWAP16 1
| #define HAVE_DECL___BUILTIN_BSWAP32 1
| #define HAVE_DECL__BYTESWAP_USHORT 0
| #define HAVE_DECL__BYTESWAP_ULONG 0
| #define HAVE_DECL___BUILTIN_CLZ 1
| #define HAVE_DECL___BUILTIN_CLZL 1
| #define HAVE_DECL___BUILTIN_CLZLL 1
| #define HAVE_DECL___BUILTIN_CTZ 1
| #define HAVE_DECL___BUILTIN_CTZL 1
| #define HAVE_DECL___BUILTIN_CTZLL 1
| #define HAVE_DECL___BUILTIN_EXPECT 1
| #define HAVE_DECL___BUILTIN_POPCOUNT 1
| #define HAVE_DECL___BUILTIN_POPCOUNTL 1
| #define HAVE_DECL___BUILTIN_POPCOUNTLL 1
| #define HAVE_DECL___POPCNT 0
| #define HAVE_DECL___POPCNT64 0
| #define HAVE_CLOCK_GETTIME 1
| #define HAVE_SLEEP 1
| #define HAVE_NANOSLEEP 1
| #define HAVE_GETTIMEOFDAY 1
| #define HAVE_FTIME 1
| #define HAVE_TIMER_CREATE 1
| #define HAVE_SRANDOM 1
| #define HAVE_RANDOM 1
| #define HAVE_SIGACTION 1
| #define HAVE_SIGSETJMP 1
| #define HAVE_GETRUSAGE 1
| #define HAVE_TIMES 1
| #define HAVE_SYSCONF 1
| #define HAVE_NFTW 1
| #define HAVE_SETENV 1
| #define HAVE_DECL__PUTENV_S 0
| /* end confdefs.h.  */
| /* Define closefrom to an innocuous variant, in case <limits.h> declares closefrom.
|    For example, HP-UX 11i <limits.h> declares gettimeofday.  */
| #define closefrom innocuous_closefrom
| 
| /* System header to define __stub macros and hopefully few prototypes,
|     which can conflict with char closefrom (); below.
|     Prefer <limits.h> to <assert.h> if __STDC__ is defined, since
|     <limits.h> exists even on freestanding compilers.  */
| 
| #ifdef __STDC__
| # include <limits.h>
| #else
| # include <assert.h>
| #endif
| 
| #undef closefrom
| 
| /* Override any GCC internal prototype to avoid an error.
|    Use char because int might match the return type of a GCC
|    builtin and then its argument prototype would still apply.  */
| #ifdef __cplusplus
| extern "C"
| #endif
| char closefrom ();
| /* The GNU C library defines this for functions which it implements
|     to always fail with ENOSYS.  Some functions are actually named
|     something starting with __ and the normal name is an alias.  */
| #if defined __stub_closefrom || defined __stub___closefrom
| choke me
| #endif
| 
| int
| main ()
| {
| return closefrom ();
|   ;
|   return 0;
| }
configure:19241: result: no
configure:19241: checking for getdirentries
configure:19241: g++ -o conftest -g -O2   conftest.cpp  >&5
configure:19241: $? = 0
configure:19241: result: yes
configure:19241: checking for getrlimit
configure:19241: g++ -o conftest -g -O2   conftest.cpp  >&5
configure:19241: $? = 0
configure:19241: result: yes
configure:19251: checking return type of ftime
configure:19265: g++ -c -g -O2  conftest.cpp >&5
configure:19265: $? = 0
configure:19266: result: int
configure:19280: checking for sys/utsname.h
configure:19280: g++ -c -g -O2  conftest.cpp >&5
configure:19280: $? = 0
configure:19280: result: yes
configure:19293: checking for gethostname
configure:19293: g++ -o conftest -g -O2   conftest.cpp  >&5
configure:19293: $? = 0
configure:19293: result: yes
configure:19303: checking for ssize_t
configure:19303: g++ -c -g -O2  conftest.cpp >&5
configure:19303: $? = 0
configure:19303: g++ -c -g -O2  conftest.cpp >&5
conftest.cpp: In function 'int main()':
conftest.cpp:102:21: error: expected primary-expression before ')' token
 if (sizeof ((ssize_t)))
                     ^
configure:19303: $? = 1
configure: failed program was:
| /* confdefs.h */
| #define PACKAGE_NAME "xapian-core"
| #define PACKAGE_TARNAME "xapian-core"
| #define PACKAGE_VERSION "1.4.9"
| #define PACKAGE_STRING "xapian-core 1.4.9"
| #define PACKAGE_BUGREPORT "https://xapian.org/bugs"
| #define PACKAGE_URL ""
| #define PACKAGE "xapian-core"
| #define VERSION "1.4.9"
| #define STDC_HEADERS 1
| #define HAVE_SYS_TYPES_H 1
| #define HAVE_SYS_STAT_H 1
| #define HAVE_STDLIB_H 1
| #define HAVE_STRING_H 1
| #define HAVE_MEMORY_H 1
| #define HAVE_STRINGS_H 1
| #define HAVE_INTTYPES_H 1
| #define HAVE_STDINT_H 1
| #define HAVE_UNISTD_H 1
| #define HAVE_DLFCN_H 1
| #define LT_OBJDIR ".libs/"
| #define HAVE_DECL_LOG2 1
| #define HAVE_DECL_EXP10 1
| #define HAVE_DECL___EXP10 1
| #define HAVE___BUILTIN_EXP10 1
| #define USE_RTTI 1
| #define HAVE_DECL___BUILTIN_ADD_OVERFLOW 1
| #define HAVE_DECL___BUILTIN_MUL_OVERFLOW 1
| #define HAVE_DECL___BUILTIN_BSWAP16 1
| #define HAVE_DECL___BUILTIN_BSWAP32 1
| #define HAVE_DECL__BYTESWAP_USHORT 0
| #define HAVE_DECL__BYTESWAP_ULONG 0
| #define HAVE_DECL___BUILTIN_CLZ 1
| #define HAVE_DECL___BUILTIN_CLZL 1
| #define HAVE_DECL___BUILTIN_CLZLL 1
| #define HAVE_DECL___BUILTIN_CTZ 1
| #define HAVE_DECL___BUILTIN_CTZL 1
| #define HAVE_DECL___BUILTIN_CTZLL 1
| #define HAVE_DECL___BUILTIN_EXPECT 1
| #define HAVE_DECL___BUILTIN_POPCOUNT 1
| #define HAVE_DECL___BUILTIN_POPCOUNTL 1
| #define HAVE_DECL___BUILTIN_POPCOUNTLL 1
| #define HAVE_DECL___POPCNT 0
| #define HAVE_DECL___POPCNT64 0
| #define HAVE_CLOCK_GETTIME 1
| #define HAVE_SLEEP 1
| #define HAVE_NANOSLEEP 1
| #define HAVE_GETTIMEOFDAY 1
| #define HAVE_FTIME 1
| #define HAVE_TIMER_CREATE 1
| #define HAVE_SRANDOM 1
| #define HAVE_RANDOM 1
| #define HAVE_SIGACTION 1
| #define HAVE_SIGSETJMP 1
| #define HAVE_GETRUSAGE 1
| #define HAVE_TIMES 1
| #define HAVE_SYSCONF 1
| #define HAVE_NFTW 1
| #define HAVE_SETENV 1
| #define HAVE_DECL__PUTENV_S 0
| #define HAVE_GETDIRENTRIES 1
| #define HAVE_GETRLIMIT 1
| #define HAVE_SYS_UTSNAME_H 1
| #define HAVE_GETHOSTNAME 1
| /* end confdefs.h.  */
| #include <stdio.h>
| #ifdef HAVE_SYS_TYPES_H
| # include <sys/types.h>
| #endif
| #ifdef HAVE_SYS_STAT_H
| # include <sys/stat.h>
| #endif
| #ifdef STDC_HEADERS
| # include <stdlib.h>
| # include <stddef.h>
| #else
| # ifdef HAVE_STDLIB_H
| #  include <stdlib.h>
| # endif
| #endif
| #ifdef HAVE_STRING_H
| # if !defined STDC_HEADERS && defined HAVE_MEMORY_H
| #  include <memory.h>
| # endif
| # include <string.h>
| #endif
| #ifdef HAVE_STRINGS_H
| # include <strings.h>
| #endif
| #ifdef HAVE_INTTYPES_H
| # include <inttypes.h>
| #endif
| #ifdef HAVE_STDINT_H
| # include <stdint.h>
| #endif
| #ifdef HAVE_UNISTD_H
| # include <unistd.h>
| #endif
| int
| main ()
| {
| if (sizeof ((ssize_t)))
| 	    return 0;
|   ;
|   return 0;
| }
configure:19303: result: yes
configure:19315: checking for pid_t
configure:19315: g++ -c -g -O2  conftest.cpp >&5
configure:19315: $? = 0
configure:19315: g++ -c -g -O2  conftest.cpp >&5
conftest.cpp: In function 'int main()':
conftest.cpp:102:19: error: expected primary-expression before ')' token
 if (sizeof ((pid_t)))
                   ^
configure:19315: $? = 1
configure: failed program was:
| /* confdefs.h */
| #define PACKAGE_NAME "xapian-core"
| #define PACKAGE_TARNAME "xapian-core"
| #define PACKAGE_VERSION "1.4.9"
| #define PACKAGE_STRING "xapian-core 1.4.9"
| #define PACKAGE_BUGREPORT "https://xapian.org/bugs"
| #define PACKAGE_URL ""
| #define PACKAGE "xapian-core"
| #define VERSION "1.4.9"
| #define STDC_HEADERS 1
| #define HAVE_SYS_TYPES_H 1
| #define HAVE_SYS_STAT_H 1
| #define HAVE_STDLIB_H 1
| #define HAVE_STRING_H 1
| #define HAVE_MEMORY_H 1
| #define HAVE_STRINGS_H 1
| #define HAVE_INTTYPES_H 1
| #define HAVE_STDINT_H 1
| #define HAVE_UNISTD_H 1
| #define HAVE_DLFCN_H 1
| #define LT_OBJDIR ".libs/"
| #define HAVE_DECL_LOG2 1
| #define HAVE_DECL_EXP10 1
| #define HAVE_DECL___EXP10 1
| #define HAVE___BUILTIN_EXP10 1
| #define USE_RTTI 1
| #define HAVE_DECL___BUILTIN_ADD_OVERFLOW 1
| #define HAVE_DECL___BUILTIN_MUL_OVERFLOW 1
| #define HAVE_DECL___BUILTIN_BSWAP16 1
| #define HAVE_DECL___BUILTIN_BSWAP32 1
| #define HAVE_DECL__BYTESWAP_USHORT 0
| #define HAVE_DECL__BYTESWAP_ULONG 0
| #define HAVE_DECL___BUILTIN_CLZ 1
| #define HAVE_DECL___BUILTIN_CLZL 1
| #define HAVE_DECL___BUILTIN_CLZLL 1
| #define HAVE_DECL___BUILTIN_CTZ 1
| #define HAVE_DECL___BUILTIN_CTZL 1
| #define HAVE_DECL___BUILTIN_CTZLL 1
| #define HAVE_DECL___BUILTIN_EXPECT 1
| #define HAVE_DECL___BUILTIN_POPCOUNT 1
| #define HAVE_DECL___BUILTIN_POPCOUNTL 1
| #define HAVE_DECL___BUILTIN_POPCOUNTLL 1
| #define HAVE_DECL___POPCNT 0
| #define HAVE_DECL___POPCNT64 0
| #define HAVE_CLOCK_GETTIME 1
| #define HAVE_SLEEP 1
| #define HAVE_NANOSLEEP 1
| #define HAVE_GETTIMEOFDAY 1
| #define HAVE_FTIME 1
| #define HAVE_TIMER_CREATE 1
| #define HAVE_SRANDOM 1
| #define HAVE_RANDOM 1
| #define HAVE_SIGACTION 1
| #define HAVE_SIGSETJMP 1
| #define HAVE_GETRUSAGE 1
| #define HAVE_TIMES 1
| #define HAVE_SYSCONF 1
| #define HAVE_NFTW 1
| #define HAVE_SETENV 1
| #define HAVE_DECL__PUTENV_S 0
| #define HAVE_GETDIRENTRIES 1
| #define HAVE_GETRLIMIT 1
| #define HAVE_SYS_UTSNAME_H 1
| #define HAVE_GETHOSTNAME 1
| /* end confdefs.h.  */
| #include <stdio.h>
| #ifdef HAVE_SYS_TYPES_H
| # include <sys/types.h>
| #endif
| #ifdef HAVE_SYS_STAT_H
| # include <sys/stat.h>
| #endif
| #ifdef STDC_HEADERS
| # include <stdlib.h>
| # include <stddef.h>
| #else
| # ifdef HAVE_STDLIB_H
| #  include <stdlib.h>
| # endif
| #endif
| #ifdef HAVE_STRING_H
| # if !defined STDC_HEADERS && defined HAVE_MEMORY_H
| #  include <memory.h>
| # endif
| # include <string.h>
| #endif
| #ifdef HAVE_STRINGS_H
| # include <strings.h>
| #endif
| #ifdef HAVE_INTTYPES_H
| # include <inttypes.h>
| #endif
| #ifdef HAVE_STDINT_H
| # include <stdint.h>
| #endif
| #ifdef HAVE_UNISTD_H
| # include <unistd.h>
| #endif
| int
| main ()
| {
| if (sizeof ((pid_t)))
| 	    return 0;
|   ;
|   return 0;
| }
configure:19315: result: yes
configure:19327: checking for mode_t
configure:19327: g++ -c -g -O2  conftest.cpp >&5
configure:19327: $? = 0
configure:19327: g++ -c -g -O2  conftest.cpp >&5
conftest.cpp: In function 'int main()':
conftest.cpp:102:20: error: expected primary-expression before ')' token
 if (sizeof ((mode_t)))
                    ^
configure:19327: $? = 1
configure: failed program was:
| /* confdefs.h */
| #define PACKAGE_NAME "xapian-core"
| #define PACKAGE_TARNAME "xapian-core"
| #define PACKAGE_VERSION "1.4.9"
| #define PACKAGE_STRING "xapian-core 1.4.9"
| #define PACKAGE_BUGREPORT "https://xapian.org/bugs"
| #define PACKAGE_URL ""
| #define PACKAGE "xapian-core"
| #define VERSION "1.4.9"
| #define STDC_HEADERS 1
| #define HAVE_SYS_TYPES_H 1
| #define HAVE_SYS_STAT_H 1
| #define HAVE_STDLIB_H 1
| #define HAVE_STRING_H 1
| #define HAVE_MEMORY_H 1
| #define HAVE_STRINGS_H 1
| #define HAVE_INTTYPES_H 1
| #define HAVE_STDINT_H 1
| #define HAVE_UNISTD_H 1
| #define HAVE_DLFCN_H 1
| #define LT_OBJDIR ".libs/"
| #define HAVE_DECL_LOG2 1
| #define HAVE_DECL_EXP10 1
| #define HAVE_DECL___EXP10 1
| #define HAVE___BUILTIN_EXP10 1
| #define USE_RTTI 1
| #define HAVE_DECL___BUILTIN_ADD_OVERFLOW 1
| #define HAVE_DECL___BUILTIN_MUL_OVERFLOW 1
| #define HAVE_DECL___BUILTIN_BSWAP16 1
| #define HAVE_DECL___BUILTIN_BSWAP32 1
| #define HAVE_DECL__BYTESWAP_USHORT 0
| #define HAVE_DECL__BYTESWAP_ULONG 0
| #define HAVE_DECL___BUILTIN_CLZ 1
| #define HAVE_DECL___BUILTIN_CLZL 1
| #define HAVE_DECL___BUILTIN_CLZLL 1
| #define HAVE_DECL___BUILTIN_CTZ 1
| #define HAVE_DECL___BUILTIN_CTZL 1
| #define HAVE_DECL___BUILTIN_CTZLL 1
| #define HAVE_DECL___BUILTIN_EXPECT 1
| #define HAVE_DECL___BUILTIN_POPCOUNT 1
| #define HAVE_DECL___BUILTIN_POPCOUNTL 1
| #define HAVE_DECL___BUILTIN_POPCOUNTLL 1
| #define HAVE_DECL___POPCNT 0
| #define HAVE_DECL___POPCNT64 0
| #define HAVE_CLOCK_GETTIME 1
| #define HAVE_SLEEP 1
| #define HAVE_NANOSLEEP 1
| #define HAVE_GETTIMEOFDAY 1
| #define HAVE_FTIME 1
| #define HAVE_TIMER_CREATE 1
| #define HAVE_SRANDOM 1
| #define HAVE_RANDOM 1
| #define HAVE_SIGACTION 1
| #define HAVE_SIGSETJMP 1
| #define HAVE_GETRUSAGE 1
| #define HAVE_TIMES 1
| #define HAVE_SYSCONF 1
| #define HAVE_NFTW 1
| #define HAVE_SETENV 1
| #define HAVE_DECL__PUTENV_S 0
| #define HAVE_GETDIRENTRIES 1
| #define HAVE_GETRLIMIT 1
| #define HAVE_SYS_UTSNAME_H 1
| #define HAVE_GETHOSTNAME 1
| /* end confdefs.h.  */
| #include <stdio.h>
| #ifdef HAVE_SYS_TYPES_H
| # include <sys/types.h>
| #endif
| #ifdef HAVE_SYS_STAT_H
| # include <sys/stat.h>
| #endif
| #ifdef STDC_HEADERS
| # include <stdlib.h>
| # include <stddef.h>
| #else
| # ifdef HAVE_STDLIB_H
| #  include <stdlib.h>
| # endif
| #endif
| #ifdef HAVE_STRING_H
| # if !defined STDC_HEADERS && defined HAVE_MEMORY_H
| #  include <memory.h>
| # endif
| # include <string.h>
| #endif
| #ifdef HAVE_STRINGS_H
| # include <strings.h>
| #endif
| #ifdef HAVE_INTTYPES_H
| # include <inttypes.h>
| #endif
| #ifdef HAVE_STDINT_H
| # include <stdint.h>
| #endif
| #ifdef HAVE_UNISTD_H
| # include <unistd.h>
| #endif
| int
| main ()
| {
| if (sizeof ((mode_t)))
| 	    return 0;
|   ;
|   return 0;
| }
configure:19327: result: yes
configure:19343: checking size of short
configure:19348: g++ -o conftest -g -O2   conftest.cpp  >&5
configure:19348: $? = 0
configure:19348: ./conftest
configure:19348: $? = 0
configure:19362: result: 2
configure:19376: checking size of int
configure:19381: g++ -o conftest -g -O2   conftest.cpp  >&5
configure:19381: $? = 0
configure:19381: ./conftest
configure:19381: $? = 0
configure:19395: result: 4
configure:19409: checking size of long
configure:19414: g++ -o conftest -g -O2   conftest.cpp  >&5
configure:19414: $? = 0
configure:19414: ./conftest
configure:19414: $? = 0
configure:19428: result: 8
configure:19442: checking size of long long
configure:19447: g++ -o conftest -g -O2   conftest.cpp  >&5
configure:19447: $? = 0
configure:19447: ./conftest
configure:19447: $? = 0
configure:19461: result: 8
configure:19474: checking for sys/types.h
configure:19474: result: yes
configure:19485: checking for 32 bit integer type
configure:19496: result: int
configure:19499: checking for 64 bit integer type
configure:19510: result: long
configure:19515: checking for perl
configure:19533: found /usr/bin/perl
configure:19545: result: /usr/bin/perl
configure:19838: checking for fcntl.h
configure:19838: g++ -c -g -O2  conftest.cpp >&5
configure:19838: $? = 0
configure:19838: result: yes
configure:19838: checking for limits.h
configure:19838: g++ -c -g -O2  conftest.cpp >&5
configure:19838: $? = 0
configure:19838: result: yes
configure:19838: checking for sys/errno.h
configure:19838: g++ -c -g -O2  conftest.cpp >&5
configure:19838: $? = 0
configure:19838: result: yes
configure:19838: checking for sys/select.h
configure:19838: g++ -c -g -O2  conftest.cpp >&5
configure:19838: $? = 0
configure:19838: result: yes
configure:19851: checking for sys/resource.h
configure:19851: g++ -c -g -O2  conftest.cpp >&5
configure:19851: $? = 0
configure:19851: result: yes
configure:19865: checking for cxxabi.h
configure:19865: g++ -c -g -O2  conftest.cpp >&5
configure:19865: $? = 0
configure:19865: result: yes
configure:19880: checking for valgrind
configure:19913: result: no
configure:19970: checking for eatmydata
configure:20003: result: no
configure:20010: checking for working memcmp
configure:20053: g++ -o conftest -g -O2   conftest.cpp  >&5
configure:20053: $? = 0
configure:20053: ./conftest
configure:20053: $? = 0
configure:20063: result: yes
configure:20072: checking whether strerror_r is declared
configure:20072: g++ -c -g -O2  conftest.cpp >&5
configure:20072: $? = 0
configure:20072: result: yes
configure:20085: checking for strerror_r
configure:20085: g++ -o conftest -g -O2   conftest.cpp  >&5
configure:20085: $? = 0
configure:20085: result: yes
configure:20094: checking whether strerror_r returns char *
configure:20118: g++ -c -g -O2  conftest.cpp >&5
configure:20118: $? = 0
configure:20156: result: yes
configure:20165: checking for sys_errlist and sys_nerr
configure:20183: g++ -o conftest -g -O2   conftest.cpp  >&5
/tmp/ccGia3PW.o: In function `printf':
/usr/include/x86_64-linux-gnu/bits/stdio2.h:104: warning: `sys_errlist' is deprecated; use `strerror' or `strerror_r' instead
/tmp/ccGia3PW.o: In function `main':
/home/sammar/xapian/stringviewXapian/conftest.cpp:85: warning: `sys_nerr' is deprecated; use `strerror' or `strerror_r' instead
configure:20183: $? = 0
configure:20192: result: yes
configure:20200: checking for _sys_errlist and _sys_nerr
configure:20218: g++ -o conftest -g -O2   conftest.cpp  >&5
configure:20218: $? = 0
configure:20228: result: yes
configure:20236: checking for working ISO C99 conforming snprintf
configure:20270: g++ -o conftest -g -O2   conftest.cpp  >&5
conftest.cpp: In function 'int main()':
conftest.cpp:89:1: warning: '%s' directive output truncated writing 3 bytes into a region of size 2 [-Wformat-truncation=]
 main ()
 ^~~~
In file included from /usr/include/stdio.h:862:0,
                 from /usr/include/c++/7/cstdio:42,
                 from conftest.cpp:84:
/usr/include/x86_64-linux-gnu/bits/stdio2.h:65:44: note: '__builtin_snprintf' output 4 bytes into a destination of size 2
        __bos (__s), __fmt, __va_arg_pack ());
                                            ^
conftest.cpp:89:1: warning: '__builtin___snprintf_chk' output truncated before the last format character [-Wformat-truncation=]
 main ()
 ^~~~
In file included from /usr/include/stdio.h:862:0,
                 from /usr/include/c++/7/cstdio:42,
                 from conftest.cpp:84:
/usr/include/x86_64-linux-gnu/bits/stdio2.h:65:44: note: '__builtin___snprintf_chk' output 3 bytes into a destination of size 2
        __bos (__s), __fmt, __va_arg_pack ());
                                            ^
configure:20270: $? = 0
configure:20270: ./conftest
configure:20270: $? = 0
configure:20285: result: snprintf
configure:20384: checking for zlib.h
configure:20384: g++ -c -g -O2  conftest.cpp >&5
configure:20384: $? = 0
configure:20384: result: yes
configure:20401: checking for library containing zlibVersion
configure:20432: g++ -o conftest -g -O2   conftest.cpp  >&5
/tmp/ccCHAdWb.o: In function `main':
/home/sammar/xapian/stringviewXapian/conftest.cpp:96: undefined reference to `zlibVersion'
collect2: error: ld returned 1 exit status
configure:20432: $? = 1
configure: failed program was:
| /* confdefs.h */
| #define PACKAGE_NAME "xapian-core"
| #define PACKAGE_TARNAME "xapian-core"
| #define PACKAGE_VERSION "1.4.9"
| #define PACKAGE_STRING "xapian-core 1.4.9"
| #define PACKAGE_BUGREPORT "https://xapian.org/bugs"
| #define PACKAGE_URL ""
| #define PACKAGE "xapian-core"
| #define VERSION "1.4.9"
| #define STDC_HEADERS 1
| #define HAVE_SYS_TYPES_H 1
| #define HAVE_SYS_STAT_H 1
| #define HAVE_STDLIB_H 1
| #define HAVE_STRING_H 1
| #define HAVE_MEMORY_H 1
| #define HAVE_STRINGS_H 1
| #define HAVE_INTTYPES_H 1
| #define HAVE_STDINT_H 1
| #define HAVE_UNISTD_H 1
| #define HAVE_DLFCN_H 1
| #define LT_OBJDIR ".libs/"
| #define HAVE_DECL_LOG2 1
| #define HAVE_DECL_EXP10 1
| #define HAVE_DECL___EXP10 1
| #define HAVE___BUILTIN_EXP10 1
| #define USE_RTTI 1
| #define HAVE_DECL___BUILTIN_ADD_OVERFLOW 1
| #define HAVE_DECL___BUILTIN_MUL_OVERFLOW 1
| #define HAVE_DECL___BUILTIN_BSWAP16 1
| #define HAVE_DECL___BUILTIN_BSWAP32 1
| #define HAVE_DECL__BYTESWAP_USHORT 0
| #define HAVE_DECL__BYTESWAP_ULONG 0
| #define HAVE_DECL___BUILTIN_CLZ 1
| #define HAVE_DECL___BUILTIN_CLZL 1
| #define HAVE_DECL___BUILTIN_CLZLL 1
| #define HAVE_DECL___BUILTIN_CTZ 1
| #define HAVE_DECL___BUILTIN_CTZL 1
| #define HAVE_DECL___BUILTIN_CTZLL 1
| #define HAVE_DECL___BUILTIN_EXPECT 1
| #define HAVE_DECL___BUILTIN_POPCOUNT 1
| #define HAVE_DECL___BUILTIN_POPCOUNTL 1
| #define HAVE_DECL___BUILTIN_POPCOUNTLL 1
| #define HAVE_DECL___POPCNT 0
| #define HAVE_DECL___POPCNT64 0
| #define HAVE_CLOCK_GETTIME 1
| #define HAVE_SLEEP 1
| #define HAVE_NANOSLEEP 1
| #define HAVE_GETTIMEOFDAY 1
| #define HAVE_FTIME 1
| #define HAVE_TIMER_CREATE 1
| #define HAVE_SRANDOM 1
| #define HAVE_RANDOM 1
| #define HAVE_SIGACTION 1
| #define HAVE_SIGSETJMP 1
| #define HAVE_GETRUSAGE 1
| #define HAVE_TIMES 1
| #define HAVE_SYSCONF 1
| #define HAVE_NFTW 1
| #define HAVE_SETENV 1
| #define HAVE_DECL__PUTENV_S 0
| #define HAVE_GETDIRENTRIES 1
| #define HAVE_GETRLIMIT 1
| #define HAVE_SYS_UTSNAME_H 1
| #define HAVE_GETHOSTNAME 1
| #define SIZEOF_SHORT 2
| #define SIZEOF_INT 4
| #define SIZEOF_LONG 8
| #define SIZEOF_LONG_LONG 8
| #define HAVE_SYS_TYPES_H 1
| #define HAVE_FCNTL_H 1
| #define HAVE_LIMITS_H 1
| #define HAVE_SYS_ERRNO_H 1
| #define HAVE_SYS_SELECT_H 1
| #define HAVE_SYS_RESOURCE_H 1
| #define HAVE_CXXABI_H 1
| #define HAVE_DECL_STRERROR_R 1
| #define HAVE_STRERROR_R 1
| #define STRERROR_R_CHAR_P 1
| #define HAVE_SYS_ERRLIST_AND_SYS_NERR 1
| #define HAVE__SYS_ERRLIST_AND__SYS_NERR 1
| #define SNPRINTF_ISO snprintf
| #define SNPRINTF snprintf
| #define HAVE_ZLIB_H 1
| /* end confdefs.h.  */
| 
| /* Override any GCC internal prototype to avoid an error.
|    Use char because int might match the return type of a GCC
|    builtin and then its argument prototype would still apply.  */
| #ifdef __cplusplus
| extern "C"
| #endif
| char zlibVersion ();
| int
| main ()
| {
| return zlibVersion ();
|   ;
|   return 0;
| }
configure:20432: g++ -o conftest -g -O2   conftest.cpp -lz   >&5
configure:20432: $? = 0
configure:20449: result: -lz
configure:20479: checking for uuid/uuid.h
configure:20479: g++ -c -g -O2  conftest.cpp >&5
conftest.cpp:87:10: fatal error: uuid/uuid.h: No such file or directory
 #include <uuid/uuid.h>
          ^~~~~~~~~~~~~
compilation terminated.
configure:20479: $? = 1
configure: failed program was:
| /* confdefs.h */
| #define PACKAGE_NAME "xapian-core"
| #define PACKAGE_TARNAME "xapian-core"
| #define PACKAGE_VERSION "1.4.9"
| #define PACKAGE_STRING "xapian-core 1.4.9"
| #define PACKAGE_BUGREPORT "https://xapian.org/bugs"
| #define PACKAGE_URL ""
| #define PACKAGE "xapian-core"
| #define VERSION "1.4.9"
| #define STDC_HEADERS 1
| #define HAVE_SYS_TYPES_H 1
| #define HAVE_SYS_STAT_H 1
| #define HAVE_STDLIB_H 1
| #define HAVE_STRING_H 1
| #define HAVE_MEMORY_H 1
| #define HAVE_STRINGS_H 1
| #define HAVE_INTTYPES_H 1
| #define HAVE_STDINT_H 1
| #define HAVE_UNISTD_H 1
| #define HAVE_DLFCN_H 1
| #define LT_OBJDIR ".libs/"
| #define HAVE_DECL_LOG2 1
| #define HAVE_DECL_EXP10 1
| #define HAVE_DECL___EXP10 1
| #define HAVE___BUILTIN_EXP10 1
| #define USE_RTTI 1
| #define HAVE_DECL___BUILTIN_ADD_OVERFLOW 1
| #define HAVE_DECL___BUILTIN_MUL_OVERFLOW 1
| #define HAVE_DECL___BUILTIN_BSWAP16 1
| #define HAVE_DECL___BUILTIN_BSWAP32 1
| #define HAVE_DECL__BYTESWAP_USHORT 0
| #define HAVE_DECL__BYTESWAP_ULONG 0
| #define HAVE_DECL___BUILTIN_CLZ 1
| #define HAVE_DECL___BUILTIN_CLZL 1
| #define HAVE_DECL___BUILTIN_CLZLL 1
| #define HAVE_DECL___BUILTIN_CTZ 1
| #define HAVE_DECL___BUILTIN_CTZL 1
| #define HAVE_DECL___BUILTIN_CTZLL 1
| #define HAVE_DECL___BUILTIN_EXPECT 1
| #define HAVE_DECL___BUILTIN_POPCOUNT 1
| #define HAVE_DECL___BUILTIN_POPCOUNTL 1
| #define HAVE_DECL___BUILTIN_POPCOUNTLL 1
| #define HAVE_DECL___POPCNT 0
| #define HAVE_DECL___POPCNT64 0
| #define HAVE_CLOCK_GETTIME 1
| #define HAVE_SLEEP 1
| #define HAVE_NANOSLEEP 1
| #define HAVE_GETTIMEOFDAY 1
| #define HAVE_FTIME 1
| #define HAVE_TIMER_CREATE 1
| #define HAVE_SRANDOM 1
| #define HAVE_RANDOM 1
| #define HAVE_SIGACTION 1
| #define HAVE_SIGSETJMP 1
| #define HAVE_GETRUSAGE 1
| #define HAVE_TIMES 1
| #define HAVE_SYSCONF 1
| #define HAVE_NFTW 1
| #define HAVE_SETENV 1
| #define HAVE_DECL__PUTENV_S 0
| #define HAVE_GETDIRENTRIES 1
| #define HAVE_GETRLIMIT 1
| #define HAVE_SYS_UTSNAME_H 1
| #define HAVE_GETHOSTNAME 1
| #define SIZEOF_SHORT 2
| #define SIZEOF_INT 4
| #define SIZEOF_LONG 8
| #define SIZEOF_LONG_LONG 8
| #define HAVE_SYS_TYPES_H 1
| #define HAVE_FCNTL_H 1
| #define HAVE_LIMITS_H 1
| #define HAVE_SYS_ERRNO_H 1
| #define HAVE_SYS_SELECT_H 1
| #define HAVE_SYS_RESOURCE_H 1
| #define HAVE_CXXABI_H 1
| #define HAVE_DECL_STRERROR_R 1
| #define HAVE_STRERROR_R 1
| #define STRERROR_R_CHAR_P 1
| #define HAVE_SYS_ERRLIST_AND_SYS_NERR 1
| #define HAVE__SYS_ERRLIST_AND__SYS_NERR 1
| #define SNPRINTF_ISO snprintf
| #define SNPRINTF snprintf
| #define HAVE_ZLIB_H 1
| /* end confdefs.h.  */
| 
| 
| #include <uuid/uuid.h>
configure:20479: result: no
configure:20555: checking for uuid.h
configure:20555: g++ -c -g -O2  conftest.cpp >&5
conftest.cpp:87:10: fatal error: uuid.h: No such file or directory
 #include <uuid.h>
          ^~~~~~~~
compilation terminated.
configure:20555: $? = 1
configure: failed program was:
| /* confdefs.h */
| #define PACKAGE_NAME "xapian-core"
| #define PACKAGE_TARNAME "xapian-core"
| #define PACKAGE_VERSION "1.4.9"
| #define PACKAGE_STRING "xapian-core 1.4.9"
| #define PACKAGE_BUGREPORT "https://xapian.org/bugs"
| #define PACKAGE_URL ""
| #define PACKAGE "xapian-core"
| #define VERSION "1.4.9"
| #define STDC_HEADERS 1
| #define HAVE_SYS_TYPES_H 1
| #define HAVE_SYS_STAT_H 1
| #define HAVE_STDLIB_H 1
| #define HAVE_STRING_H 1
| #define HAVE_MEMORY_H 1
| #define HAVE_STRINGS_H 1
| #define HAVE_INTTYPES_H 1
| #define HAVE_STDINT_H 1
| #define HAVE_UNISTD_H 1
| #define HAVE_DLFCN_H 1
| #define LT_OBJDIR ".libs/"
| #define HAVE_DECL_LOG2 1
| #define HAVE_DECL_EXP10 1
| #define HAVE_DECL___EXP10 1
| #define HAVE___BUILTIN_EXP10 1
| #define USE_RTTI 1
| #define HAVE_DECL___BUILTIN_ADD_OVERFLOW 1
| #define HAVE_DECL___BUILTIN_MUL_OVERFLOW 1
| #define HAVE_DECL___BUILTIN_BSWAP16 1
| #define HAVE_DECL___BUILTIN_BSWAP32 1
| #define HAVE_DECL__BYTESWAP_USHORT 0
| #define HAVE_DECL__BYTESWAP_ULONG 0
| #define HAVE_DECL___BUILTIN_CLZ 1
| #define HAVE_DECL___BUILTIN_CLZL 1
| #define HAVE_DECL___BUILTIN_CLZLL 1
| #define HAVE_DECL___BUILTIN_CTZ 1
| #define HAVE_DECL___BUILTIN_CTZL 1
| #define HAVE_DECL___BUILTIN_CTZLL 1
| #define HAVE_DECL___BUILTIN_EXPECT 1
| #define HAVE_DECL___BUILTIN_POPCOUNT 1
| #define HAVE_DECL___BUILTIN_POPCOUNTL 1
| #define HAVE_DECL___BUILTIN_POPCOUNTLL 1
| #define HAVE_DECL___POPCNT 0
| #define HAVE_DECL___POPCNT64 0
| #define HAVE_CLOCK_GETTIME 1
| #define HAVE_SLEEP 1
| #define HAVE_NANOSLEEP 1
| #define HAVE_GETTIMEOFDAY 1
| #define HAVE_FTIME 1
| #define HAVE_TIMER_CREATE 1
| #define HAVE_SRANDOM 1
| #define HAVE_RANDOM 1
| #define HAVE_SIGACTION 1
| #define HAVE_SIGSETJMP 1
| #define HAVE_GETRUSAGE 1
| #define HAVE_TIMES 1
| #define HAVE_SYSCONF 1
| #define HAVE_NFTW 1
| #define HAVE_SETENV 1
| #define HAVE_DECL__PUTENV_S 0
| #define HAVE_GETDIRENTRIES 1
| #define HAVE_GETRLIMIT 1
| #define HAVE_SYS_UTSNAME_H 1
| #define HAVE_GETHOSTNAME 1
| #define SIZEOF_SHORT 2
| #define SIZEOF_INT 4
| #define SIZEOF_LONG 8
| #define SIZEOF_LONG_LONG 8
| #define HAVE_SYS_TYPES_H 1
| #define HAVE_FCNTL_H 1
| #define HAVE_LIMITS_H 1
| #define HAVE_SYS_ERRNO_H 1
| #define HAVE_SYS_SELECT_H 1
| #define HAVE_SYS_RESOURCE_H 1
| #define HAVE_CXXABI_H 1
| #define HAVE_DECL_STRERROR_R 1
| #define HAVE_STRERROR_R 1
| #define STRERROR_R_CHAR_P 1
| #define HAVE_SYS_ERRLIST_AND_SYS_NERR 1
| #define HAVE__SYS_ERRLIST_AND__SYS_NERR 1
| #define SNPRINTF_ISO snprintf
| #define SNPRINTF snprintf
| #define HAVE_ZLIB_H 1
| /* end confdefs.h.  */
| 
| 
| #include <uuid.h>
configure:20555: result: no
configure:20574: checking if host platform supports /proc/sys/kernel/random/uuid
configure:20581: result: yes
configure:20632: checking for fork
configure:20632: g++ -o conftest -g -O2   conftest.cpp  >&5
conftest.cpp:109:6: warning: declaration of 'char fork()' conflicts with built-in declaration 'int fork()' [-Wbuiltin-declaration-mismatch]
 char fork ();
      ^~~~
configure:20632: $? = 0
configure:20632: result: yes
configure:20645: checking for library containing socketpair
configure:20676: g++ -o conftest -g -O2   conftest.cpp  >&5
configure:20676: $? = 0
configure:20693: result: none required
configure:20708: checking for library containing getaddrinfo
configure:20739: g++ -o conftest -g -O2   conftest.cpp  >&5
configure:20739: $? = 0
configure:20756: result: none required
configure:20768: checking for library containing inet_ntop
configure:20799: g++ -o conftest -g -O2   conftest.cpp  >&5
configure:20799: $? = 0
configure:20816: result: none required
configure:20834: checking for type to use for 5th parameter to getsockopt
configure:20862: g++ -c -g -O2  conftest.cpp >&5
configure:20862: $? = 0
configure:20878: result: socklen_t
configure:20973: checking whether fdatasync is declared
configure:20973: g++ -c -g -O2  conftest.cpp >&5
configure:20973: $? = 0
configure:20973: result: yes
configure:20979: checking for library containing fdatasync
configure:21010: g++ -o conftest -g -O2   conftest.cpp  >&5
configure:21010: $? = 0
configure:21027: result: none required
configure:21038: checking for fdatasync
configure:21038: g++ -o conftest -g -O2   conftest.cpp  >&5
configure:21038: $? = 0
configure:21038: result: yes
configure:21055: checking for fsync
configure:21055: g++ -o conftest -g -O2   conftest.cpp  >&5
configure:21055: $? = 0
configure:21055: result: yes
configure:21066: checking for posix_fadvise
configure:21066: g++ -o conftest -g -O2   conftest.cpp  >&5
configure:21066: $? = 0
configure:21066: result: yes
configure:21078: checking for ftruncate
configure:21078: g++ -o conftest -g -O2   conftest.cpp  >&5
configure:21078: $? = 0
configure:21078: result: yes
configure:21101: checking for pread
configure:21101: g++ -o conftest -g -O2   conftest.cpp  >&5
configure:21101: $? = 0
configure:21101: result: yes
configure:21106: checking for any prototype needed for pread
configure:21133: g++ -c -g -O2  conftest.cpp >&5
conftest.cpp: In function 'int main()':
conftest.cpp:104:8: warning: ignoring return value of 'ssize_t pread(int, void*, size_t, __off_t)', declared with attribute warn_unused_result [-Wunused-result]
   pread(1, b, 256, 20);
   ~~~~~^~~~~~~~~~~~~~~
configure:21133: $? = 0
configure:21150: result: none required
configure:21164: checking for pwrite
configure:21164: g++ -o conftest -g -O2   conftest.cpp  >&5
configure:21164: $? = 0
configure:21164: result: yes
configure:21169: checking for any prototype needed for pwrite
configure:21196: g++ -c -g -O2  conftest.cpp >&5
conftest.cpp: In function 'int main()':
conftest.cpp:105:9: warning: ignoring return value of 'ssize_t pwrite(int, const void*, size_t, __off_t)', declared with attribute warn_unused_result [-Wunused-result]
   pwrite(1, p, 5, 20);
   ~~~~~~^~~~~~~~~~~~~
configure:21196: $? = 0
configure:21213: result: none required
configure:21230: checking for directory separator(s)
configure:21244: result: /
configure:21257: checking for link
configure:21257: g++ -o conftest -g -O2   conftest.cpp  >&5
configure:21257: $? = 0
configure:21257: result: yes
configure:21316: checking for version of g++
configure:21319: result: GCC 7.3.0
configure:21353: checking if g++ -fvisibility=hidden -fvisibility-inlines-hidden works
configure:21356: result: yes
configure:21399: checking for g++ -Wl,-Bsymbolic-functions
configure:21419: g++ -o conftest -g -O2   -Wl,-Bsymbolic-functions conftest.cpp  >&5
configure:21419: $? = 0
configure:21432: result: yes
configure:21437: checking whether to use SSE instructions on x86
configure:21490: result: non-x86 arch (x86_64)
configure:21641: checking that generated files are newer than configure
configure:21647: result: done
configure:21719: creating ./config.status

## ---------------------- ##
## Running config.status. ##
## ---------------------- ##

This file was extended by xapian-core config.status 1.4.9, which was
generated by GNU Autoconf 2.69.  Invocation command line was

  CONFIG_FILES    = 
  CONFIG_HEADERS  = 
  CONFIG_LINKS    = 
  CONFIG_COMMANDS = 
  $ ./config.status 

on sammar-Lenovo-ideapad-510S-14IKB

config.status:1286: creating Makefile
config.status:1286: creating tests/Makefile
config.status:1286: creating docs/Makefile
config.status:1286: creating docs/doxygen_api.conf
config.status:1286: creating docs/doxygen_source.conf
config.status:1286: creating xapian-core.spec
config.status:1286: creating cmake/xapian-config.cmake
config.status:1286: creating cmake/xapian-config-version.cmake
config.status:1286: creating pkgconfig/xapian-core.pc
config.status:1286: creating tests/runtest
config.status:1286: creating tests/runsrv
config.status:1286: creating tests/submitperftest
config.status:1286: creating tests/perftest/get_machine_info
config.status:1286: creating xapian-config
config.status:1286: creating makemanpage
config.status:1286: creating config.h
config.status:1467: config.h is unchanged
config.status:1515: executing depfiles commands
config.status:1515: executing libtool commands
configure:24207: g++ -c -g -O2  conftest.cpp >&5
configure:24207: $? = 0

## ---------------- ##
## Cache variables. ##
## ---------------- ##

ac_cv__sys_errlist_and__sys_nerr=yes
ac_cv_build=x86_64-pc-linux-gnu
ac_cv_c_bigendian=no
ac_cv_c_compiler_gnu=yes
ac_cv_cxx_compiler_gnu=yes
ac_cv_env_CCC_set=
ac_cv_env_CCC_value=
ac_cv_env_CC_FOR_BUILD_set=
ac_cv_env_CC_FOR_BUILD_value=
ac_cv_env_CC_set=
ac_cv_env_CC_value=
ac_cv_env_CFLAGS_set=
ac_cv_env_CFLAGS_value=
ac_cv_env_CPPFLAGS_set=
ac_cv_env_CPPFLAGS_value=
ac_cv_env_CPP_set=
ac_cv_env_CPP_value=
ac_cv_env_CXXCPP_set=
ac_cv_env_CXXCPP_value=
ac_cv_env_CXXFLAGS_set=
ac_cv_env_CXXFLAGS_value=
ac_cv_env_CXX_set=
ac_cv_env_CXX_value=
ac_cv_env_LDFLAGS_set=
ac_cv_env_LDFLAGS_value=
ac_cv_env_LIBS_set=
ac_cv_env_LIBS_value=
ac_cv_env_LT_SYS_LIBRARY_PATH_set=
ac_cv_env_LT_SYS_LIBRARY_PATH_value=
ac_cv_env_build_alias_set=
ac_cv_env_build_alias_value=
ac_cv_env_host_alias_set=
ac_cv_env_host_alias_value=
ac_cv_env_target_alias_set=
ac_cv_env_target_alias_value=
ac_cv_func_clock_gettime=yes
ac_cv_func_closefrom=no
ac_cv_func_fdatasync=yes
ac_cv_func_fork=yes
ac_cv_func_fsync=yes
ac_cv_func_ftime=yes
ac_cv_func_ftruncate=yes
ac_cv_func_getdirentries=yes
ac_cv_func_gethostname=yes
ac_cv_func_getrlimit=yes
ac_cv_func_getrusage=yes
ac_cv_func_gettimeofday=yes
ac_cv_func_link=yes
ac_cv_func_memcmp_working=yes
ac_cv_func_nanosleep=yes
ac_cv_func_nftw=yes
ac_cv_func_posix_fadvise=yes
ac_cv_func_pread=yes
ac_cv_func_pwrite=yes
ac_cv_func_random=yes
ac_cv_func_setenv=yes
ac_cv_func_sigaction=yes
ac_cv_func_sleep=yes
ac_cv_func_snprintf=snprintf
ac_cv_func_snprintf_noniso=no
ac_cv_func_srandom=yes
ac_cv_func_strerror_r=yes
ac_cv_func_strerror_r_char_p=yes
ac_cv_func_sysconf=yes
ac_cv_func_times=yes
ac_cv_have_decl___builtin_add_overflow_int__int__intp_=yes
ac_cv_have_decl___builtin_bswap16_uint16_t_=yes
ac_cv_have_decl___builtin_bswap32_uint32_t_=yes
ac_cv_have_decl___builtin_clz_unsigned_=yes
ac_cv_have_decl___builtin_clzl_unsigned_long_=yes
ac_cv_have_decl___builtin_clzll_unsigned_long_long_=yes
ac_cv_have_decl___builtin_ctz_unsigned_=yes
ac_cv_have_decl___builtin_ctzl_unsigned_long_=yes
ac_cv_have_decl___builtin_ctzll_unsigned_long_long_=yes
ac_cv_have_decl___builtin_expect_long__long_=yes
ac_cv_have_decl___builtin_mul_overflow_int__int__intp_=yes
ac_cv_have_decl___builtin_popcount_unsigned_=yes
ac_cv_have_decl___builtin_popcountl_unsigned_long_=yes
ac_cv_have_decl___builtin_popcountll_unsigned_long_long_=yes
ac_cv_have_decl___exp10_double_=yes
ac_cv_have_decl___popcnt64=no
ac_cv_have_decl___popcnt=no
ac_cv_have_decl__byteswap_ulong=no
ac_cv_have_decl__byteswap_ushort=no
ac_cv_have_decl__putenv_s_const_char_p_const_char_p_=no
ac_cv_have_decl_exp10_double_=yes
ac_cv_have_decl_fdatasync_int_=yes
ac_cv_have_decl_log2_double_=yes
ac_cv_have_decl_strerror_r=yes
ac_cv_header_cxxabi_h=yes
ac_cv_header_dlfcn_h=yes
ac_cv_header_fcntl_h=yes
ac_cv_header_inttypes_h=yes
ac_cv_header_limits_h=yes
ac_cv_header_memory_h=yes
ac_cv_header_stdc=yes
ac_cv_header_stdint_h=yes
ac_cv_header_stdlib_h=yes
ac_cv_header_string_h=yes
ac_cv_header_strings_h=yes
ac_cv_header_sys_errno_h=yes
ac_cv_header_sys_resource_h=yes
ac_cv_header_sys_select_h=yes
ac_cv_header_sys_stat_h=yes
ac_cv_header_sys_types_h=yes
ac_cv_header_sys_utsname_h=yes
ac_cv_header_unistd_h=yes
ac_cv_header_uuid_h=no
ac_cv_header_uuid_uuid_h=no
ac_cv_header_zlib_h=yes
ac_cv_host=x86_64-pc-linux-gnu
ac_cv_link___builtin_exp10=yes
ac_cv_objext=o
ac_cv_path_EGREP='/bin/grep -E'
ac_cv_path_FGREP='/bin/grep -F'
ac_cv_path_GREP=/bin/grep
ac_cv_path_PERL=/usr/bin/perl
ac_cv_path_SED=/bin/sed
ac_cv_path_install='/usr/bin/install -c'
ac_cv_path_lt_DD=/bin/dd
ac_cv_path_mkdir=/bin/mkdir
ac_cv_prog_AWK=mawk
ac_cv_prog_CPP='gcc -E'
ac_cv_prog_CXXCPP='g++ -E'
ac_cv_prog_ac_ct_AR=ar
ac_cv_prog_ac_ct_CC=gcc
ac_cv_prog_ac_ct_CXX=g++
ac_cv_prog_ac_ct_MANIFEST_TOOL=mt
ac_cv_prog_ac_ct_OBJDUMP=objdump
ac_cv_prog_ac_ct_RANLIB=ranlib
ac_cv_prog_ac_ct_STRIP=strip
ac_cv_prog_cc_c89=
ac_cv_prog_cc_g=yes
ac_cv_prog_cxx_g=yes
ac_cv_prog_make_make_set=yes
ac_cv_search_fdatasync='none required'
ac_cv_search_getaddrinfo='none required'
ac_cv_search_inet_ntop='none required'
ac_cv_search_socketpair='none required'
ac_cv_search_timer_create=-lrt
ac_cv_search_zlibVersion=-lz
ac_cv_sizeof_int=4
ac_cv_sizeof_long=8
ac_cv_sizeof_long_long=8
ac_cv_sizeof_short=2
ac_cv_sys_errlist_and_sys_nerr=yes
ac_cv_sys_file_offset_bits=no
ac_cv_sys_largefile_CC=no
ac_cv_type_mode_t=yes
ac_cv_type_pid_t=yes
ac_cv_type_ssize_t=yes
am_cv_CC_dependencies_compiler_type=gcc3
am_cv_CXX_dependencies_compiler_type=gcc3
am_cv_ar_interface=ar
am_cv_make_support_nested_variables=yes
am_cv_prog_cc_c_o=yes
am_cv_prog_tar_ustar=gnutar
ax_cv_cxx_compile_cxx11=yes
lt_cv_ar_at_file=@
lt_cv_archive_cmds_need_lc=no
lt_cv_deplibs_check_method=pass_all
lt_cv_file_magic_cmd='$MAGIC_CMD'
lt_cv_file_magic_test_file=
lt_cv_ld_reload_flag=-r
lt_cv_nm_interface='BSD nm'
lt_cv_objdir=.libs
lt_cv_path_LD=/usr/bin/ld
lt_cv_path_LDCXX='/usr/bin/ld -m elf_x86_64'
lt_cv_path_NM='/usr/bin/nm -B'
lt_cv_path_mainfest_tool=no
lt_cv_prog_compiler_c_o=yes
lt_cv_prog_compiler_c_o_CXX=yes
lt_cv_prog_compiler_pic='-fPIC -DPIC'
lt_cv_prog_compiler_pic_CXX='-fPIC -DPIC'
lt_cv_prog_compiler_pic_works=yes
lt_cv_prog_compiler_pic_works_CXX=yes
lt_cv_prog_compiler_rtti_exceptions=no
lt_cv_prog_compiler_static_works=yes
lt_cv_prog_compiler_static_works_CXX=yes
lt_cv_prog_gnu_ld=yes
lt_cv_prog_gnu_ldcxx=yes
lt_cv_sharedlib_from_linklib_cmd='printf %s\n'
lt_cv_shlibpath_overrides_runpath=yes
lt_cv_sys_global_symbol_pipe='sed -n -e '\''s/^.*[	 ]\([ABCDGIRSTW][ABCDGIRSTW]*\)[	 ][	 ]*\([_A-Za-z][_A-Za-z0-9]*\)$/\1 \2 \2/p'\'' | sed '\''/ __gnu_lto/d'\'''
lt_cv_sys_global_symbol_to_c_name_address='sed -n -e '\''s/^: \(.*\) .*$/  {"\1", (void *) 0},/p'\'' -e '\''s/^[ABCDGIRSTW][ABCDGIRSTW]* .* \(.*\)$/  {"\1", (void *) \&\1},/p'\'''
lt_cv_sys_global_symbol_to_c_name_address_lib_prefix='sed -n -e '\''s/^: \(.*\) .*$/  {"\1", (void *) 0},/p'\'' -e '\''s/^[ABCDGIRSTW][ABCDGIRSTW]* .* \(lib.*\)$/  {"\1", (void *) \&\1},/p'\'' -e '\''s/^[ABCDGIRSTW][ABCDGIRSTW]* .* \(.*\)$/  {"lib\1", (void *) \&\1},/p'\'''
lt_cv_sys_global_symbol_to_cdecl='sed -n -e '\''s/^T .* \(.*\)$/extern int \1();/p'\'' -e '\''s/^[ABCDGIRSTW][ABCDGIRSTW]* .* \(.*\)$/extern char \1;/p'\'''
lt_cv_sys_global_symbol_to_import=
lt_cv_sys_max_cmd_len=1572864
lt_cv_to_host_file_cmd=func_convert_file_noop
lt_cv_to_tool_file_cmd=func_convert_file_noop
lt_cv_truncate_bin='/bin/dd bs=4096 count=1'
xo_cv_cxx_works=yes
xo_cv_ldflag_symbolic_functions=yes
xo_cv_pread_prototype=' '
xo_cv_pwrite_prototype=' '
xo_cv_socklen_t_equiv=socklen_t

## ----------------- ##
## Output variables. ##
## ----------------- ##

ACLOCAL='${SHELL} /home/sammar/xapian/stringviewXapian/missing aclocal-1.15 '
AMDEPBACKSLASH='\'
AMDEP_FALSE='#'
AMDEP_TRUE=''
AMTAR='$${TAR-tar}'
AM_BACKSLASH='\'
AM_CXXFLAGS=' -Wall -W -Wredundant-decls -Wpointer-arith -Wcast-qual -Wcast-align -Wformat-security -fno-gnu-keywords -Wundef -Woverloaded-virtual -Wstrict-null-sentinel -Wshadow -Wstrict-overflow=1 -Wlogical-op -Wmissing-declarations -Wdouble-promotion -Winit-self -fvisibility=hidden -fvisibility-inlines-hidden'
AM_DEFAULT_V='$(AM_DEFAULT_VERBOSITY)'
AM_DEFAULT_VERBOSITY='1'
AM_V='$(V)'
AR='ar'
AS='as'
AUTOCONF='${SHELL} /home/sammar/xapian/stringviewXapian/missing autoconf'
AUTOHEADER='${SHELL} /home/sammar/xapian/stringviewXapian/missing autoheader'
AUTOM4TE='autom4te'
AUTOMAKE='${SHELL} /home/sammar/xapian/stringviewXapian/missing automake-1.15'
AWK='mawk'
BUILD_BACKEND_CHERT_FALSE='#'
BUILD_BACKEND_CHERT_OR_GLASS_FALSE='#'
BUILD_BACKEND_CHERT_OR_GLASS_TRUE=''
BUILD_BACKEND_CHERT_TRUE=''
BUILD_BACKEND_GLASS_FALSE='#'
BUILD_BACKEND_GLASS_TRUE=''
BUILD_BACKEND_INMEMORY_FALSE='#'
BUILD_BACKEND_INMEMORY_TRUE=''
BUILD_BACKEND_REMOTE_FALSE='#'
BUILD_BACKEND_REMOTE_TRUE=''
CC='gcc'
CCDEPMODE='depmode=gcc3'
CC_FOR_BUILD='gcc'
CFLAGS='-g -O2'
CPP='gcc -E'
CPPFLAGS=''
CXX='g++'
CXXCPP='g++ -E'
CXXDEPMODE='depmode=gcc3'
CXXFLAGS='-g -O2'
CYGPATH_W='echo'
DEFS='-DHAVE_CONFIG_H'
DEPDIR='.deps'
DLLTOOL='false'
DOCUMENTATION_RULES_FALSE=''
DOCUMENTATION_RULES_TRUE='#'
DOT=''
DOXYGEN=''
DOXYGEN_DOT_PATH=''
DSYMUTIL=''
DUMPBIN=''
EATMYDATA=''
ECHO_C=''
ECHO_N='-n'
ECHO_T=''
EGREP='/bin/grep -E'
EXEEXT=''
FGREP='/bin/grep -F'
FP_EXCESS_PRECISION='no'
GREP='/bin/grep'
HAVE_CXX11=''
HELP2MAN=''
INSTALL_DATA='${INSTALL} -m 644'
INSTALL_PROGRAM='${INSTALL}'
INSTALL_SCRIPT='${INSTALL}'
INSTALL_STRIP_PROGRAM='$(install_sh) -c -s'
LD='/usr/bin/ld -m elf_x86_64'
LDFLAGS=''
LIBOBJS=''
LIBRARY_VERSION_INFO='36:1:6'
LIBRARY_VERSION_SUFFIX=''
LIBS=''
LIBTOOL='$(SHELL) $(top_builddir)/libtool'
LIPO=''
LN_S='ln -s'
LTLIBOBJS=''
LT_SYS_LIBRARY_PATH=''
MAINT='#'
MAINTAINER_MODE_FALSE=''
MAINTAINER_MODE_TRUE='#'
MAINTAINER_NO_DOCS_FALSE=''
MAINTAINER_NO_DOCS_TRUE='#'
MAKEINFO='${SHELL} /home/sammar/xapian/stringviewXapian/missing makeinfo'
MANIFEST_TOOL=':'
MKDIR_P='/bin/mkdir -p'
NM='/usr/bin/nm -B'
NMEDIT=''
NO_INSTALL='-no-install'
NO_UNDEFINED=''
OBJDUMP='objdump'
OBJEXT='o'
OTOOL64=''
OTOOL=''
PACKAGE='xapian-core'
PACKAGE_BUGREPORT='https://xapian.org/bugs'
PACKAGE_NAME='xapian-core'
PACKAGE_STRING='xapian-core 1.4.9'
PACKAGE_TARNAME='xapian-core'
PACKAGE_URL=''
PACKAGE_VERSION='1.4.9'
PATH_SEPARATOR=':'
PERCENT='%'
PERL='/usr/bin/perl'
PNGCRUSH=''
RANLIB='ranlib'
RST2HTML=''
SED='/bin/sed'
SET_MAKE=''
SHELL='/bin/bash'
SHLIBEXT='.so'
STRIP='strip'
USE_ZLIB_VG_FALSE=''
USE_ZLIB_VG_TRUE='#'
VALGRIND=''
VERSION='1.4.9'
VPATH_BUILD_FALSE=''
VPATH_BUILD_TRUE='#'
XAPIAN_LDFLAGS=' -Bsymbolic-functions'
XAPIAN_LIBS=' -lrt   -lz  '
abi_affecting_cxxflags=''
ac_ct_AR='ar'
ac_ct_CC='gcc'
ac_ct_CXX='g++'
ac_ct_DUMPBIN=''
am__EXEEXT_FALSE=''
am__EXEEXT_TRUE='#'
am__fastdepCC_FALSE='#'
am__fastdepCC_TRUE=''
am__fastdepCXX_FALSE='#'
am__fastdepCXX_TRUE=''
am__include='include'
am__isrc=''
am__leading_dot='.'
am__nodep='_no'
am__quote=''
am__tar='tar --format=ustar -chf - "$$tardir"'
am__untar='tar -xf -'
bindir='${exec_prefix}/bin'
build='x86_64-pc-linux-gnu'
build_alias=''
build_cpu='x86_64'
build_os='linux-gnu'
build_vendor='pc'
datadir='${datarootdir}'
datarootdir='${prefix}/share'
docdir='${datarootdir}/doc/${PACKAGE_TARNAME}'
dvidir='${docdir}'
exec_prefix='${prefix}'
host='x86_64-pc-linux-gnu'
host_alias=''
host_cpu='x86_64'
host_os='linux-gnu'
host_vendor='pc'
htmldir='${docdir}'
incdir='${prefix}/include'
includedir='${prefix}/include'
infodir='${datarootdir}/info'
install_sh='${SHELL} /home/sammar/xapian/stringviewXapian/install-sh'
ldflags=''
libdir='${exec_prefix}/lib'
libexecdir='${exec_prefix}/libexec'
link_all_deplibs_CXX='no'
localedir='${datarootdir}/locale'
localstatedir='${prefix}/var'
mandir='${datarootdir}/man'
mkdir_p='$(MKDIR_P)'
oldincludedir='/usr/include'
pdfdir='${docdir}'
prefix='/usr/local'
program_transform_name='s&$$&&'
psdir='${docdir}'
sbindir='${exec_prefix}/sbin'
sharedstatedir='${prefix}/com'
sysconfdir='${prefix}/etc'
target_alias=''

## ----------- ##
## confdefs.h. ##
## ----------- ##

/* confdefs.h */
#define PACKAGE_NAME "xapian-core"
#define PACKAGE_TARNAME "xapian-core"
#define PACKAGE_VERSION "1.4.9"
#define PACKAGE_STRING "xapian-core 1.4.9"
#define PACKAGE_BUGREPORT "https://xapian.org/bugs"
#define PACKAGE_URL ""
#define PACKAGE "xapian-core"
#define VERSION "1.4.9"
#define STDC_HEADERS 1
#define HAVE_SYS_TYPES_H 1
#define HAVE_SYS_STAT_H 1
#define HAVE_STDLIB_H 1
#define HAVE_STRING_H 1
#define HAVE_MEMORY_H 1
#define HAVE_STRINGS_H 1
#define HAVE_INTTYPES_H 1
#define HAVE_STDINT_H 1
#define HAVE_UNISTD_H 1
#define HAVE_DLFCN_H 1
#define LT_OBJDIR ".libs/"
#define HAVE_DECL_LOG2 1
#define HAVE_DECL_EXP10 1
#define HAVE_DECL___EXP10 1
#define HAVE___BUILTIN_EXP10 1
#define USE_RTTI 1
#define HAVE_DECL___BUILTIN_ADD_OVERFLOW 1
#define HAVE_DECL___BUILTIN_MUL_OVERFLOW 1
#define HAVE_DECL___BUILTIN_BSWAP16 1
#define HAVE_DECL___BUILTIN_BSWAP32 1
#define HAVE_DECL__BYTESWAP_USHORT 0
#define HAVE_DECL__BYTESWAP_ULONG 0
#define HAVE_DECL___BUILTIN_CLZ 1
#define HAVE_DECL___BUILTIN_CLZL 1
#define HAVE_DECL___BUILTIN_CLZLL 1
#define HAVE_DECL___BUILTIN_CTZ 1
#define HAVE_DECL___BUILTIN_CTZL 1
#define HAVE_DECL___BUILTIN_CTZLL 1
#define HAVE_DECL___BUILTIN_EXPECT 1
#define HAVE_DECL___BUILTIN_POPCOUNT 1
#define HAVE_DECL___BUILTIN_POPCOUNTL 1
#define HAVE_DECL___BUILTIN_POPCOUNTLL 1
#define HAVE_DECL___POPCNT 0
#define HAVE_DECL___POPCNT64 0
#define HAVE_CLOCK_GETTIME 1
#define HAVE_SLEEP 1
#define HAVE_NANOSLEEP 1
#define HAVE_GETTIMEOFDAY 1
#define HAVE_FTIME 1
#define HAVE_TIMER_CREATE 1
#define HAVE_SRANDOM 1
#define HAVE_RANDOM 1
#define HAVE_SIGACTION 1
#define HAVE_SIGSETJMP 1
#define HAVE_GETRUSAGE 1
#define HAVE_TIMES 1
#define HAVE_SYSCONF 1
#define HAVE_NFTW 1
#define HAVE_SETENV 1
#define HAVE_DECL__PUTENV_S 0
#define HAVE_GETDIRENTRIES 1
#define HAVE_GETRLIMIT 1
#define HAVE_SYS_UTSNAME_H 1
#define HAVE_GETHOSTNAME 1
#define SIZEOF_SHORT 2
#define SIZEOF_INT 4
#define SIZEOF_LONG 8
#define SIZEOF_LONG_LONG 8
#define HAVE_SYS_TYPES_H 1
#define HAVE_FCNTL_H 1
#define HAVE_LIMITS_H 1
#define HAVE_SYS_ERRNO_H 1
#define HAVE_SYS_SELECT_H 1
#define HAVE_SYS_RESOURCE_H 1
#define HAVE_CXXABI_H 1
#define HAVE_DECL_STRERROR_R 1
#define HAVE_STRERROR_R 1
#define STRERROR_R_CHAR_P 1
#define HAVE_SYS_ERRLIST_AND_SYS_NERR 1
#define HAVE__SYS_ERRLIST_AND__SYS_NERR 1
#define SNPRINTF_ISO snprintf
#define SNPRINTF snprintf
#define HAVE_ZLIB_H 1
#define USE_PROC_FOR_UUID 1
#define HAVE_FORK 1
#define HAVE_SOCKETPAIR 1
#define SOCKLEN_T socklen_t
#define HAVE_FDATASYNC 1
#define HAVE_FSYNC 1
#define HAVE_POSIX_FADVISE 1
#define HAVE_FTRUNCATE 1
#define HAVE_PREAD 1
#define HAVE_PWRITE 1
#define DIR_SEPS '/'
#define DIR_SEPS_LIST { '/' }
#define HAVE_LINK 1

configure: exit 0
